2015-01-21 17:01:56.773 HID Product Solutions[53363:1923828] DiskCookieStorage changing policy from 2 to 0, cookie file: file:///Users/MMcWilliams/Library/Developer/CoreSimulator/Devices/9002621D-9032-42D1-8DF8-4C99EE568D70/data/Containers/Data/Application/35C218E0-8F53-46EC-AD4F-9DA2AFBD6404/Library/Cookies/Cookies.binarycookies
2015-01-21 17:01:56.863 HID Product Solutions[53363:1923828] Apache Cordova native platform version 3.7.0 is starting.
2015-01-21 17:01:56.863 HID Product Solutions[53363:1923828] Multi-tasking -> Device: YES, App: YES
2015-01-21 17:01:56.865 HID Product Solutions[53363:1923828] Unlimited access to network resources
2015-01-21 17:01:56.867 HID Product Solutions[53363:1923828] 

Started backup to iCloud! Please be careful.
Your application might be rejected by Apple if you store too much data.
For more information please read "iOS Data Storage Guidelines" at:
https://developer.apple.com/icloud/documentation/data-storage/
To disable web storage backup to iCloud, set the BackupWebStorage preference to "local" in the Cordova config.xml file

2015-01-21 17:01:57.118 HID Product Solutions[53363:1923828] [CDVTimer][socialsharing] 78.205943ms
2015-01-21 17:01:57.147 HID Product Solutions[53363:1923828] [CDVTimer][splashscreen] 28.710961ms
2015-01-21 17:01:57.148 HID Product Solutions[53363:1923828] [CDVTimer][TotalPluginStartup] 107.241035ms
2015-01-21 17:01:57.179 HID Product Solutions[53363:1923828] Resetting plugins due to page load.
2015-01-21 17:01:57.384 HID Product Solutions[53363:1923828] Finished load of: file:///Users/MMcWilliams/Library/Developer/CoreSimulator/Devices/9002621D-9032-42D1-8DF8-4C99EE568D70/data/Containers/Bundle/Application/98B2217D-7CAA-4C10-AF25-6C0ACADBDEA4/HID%20Product%20Solutions.app/www/index.html
2015-01-21 17:02:01.340 HID Product Solutions[53363:1923828] Resetting plugins due to page load.
2015-01-21 17:02:01.514 HID Product Solutions[53363:1923828] Finished load of: file:///Users/MMcWilliams/Library/Developer/CoreSimulator/Devices/9002621D-9032-42D1-8DF8-4C99EE568D70/data/Containers/Bundle/Application/98B2217D-7CAA-4C10-AF25-6C0ACADBDEA4/HID%20Product%20Solutions.app/www/vertical.html#card
2015-01-21 17:02:02.462 HID Product Solutions[53363:1923828] Resetting plugins due to page load.
2015-01-21 17:02:02.543 HID Product Solutions[53363:1923828] Finished load of: file:///Users/MMcWilliams/Library/Developer/CoreSimulator/Devices/9002621D-9032-42D1-8DF8-4C99EE568D70/data/Containers/Bundle/Application/98B2217D-7CAA-4C10-AF25-6C0ACADBDEA4/HID%20Product%20Solutions.app/www/product.html
2015-01-21 17:02:31.169 HID Product Solutions[53976:1925062] DiskCookieStorage changing policy from 2 to 0, cookie file: file:///Users/MMcWilliams/Library/Developer/CoreSimulator/Devices/9002621D-9032-42D1-8DF8-4C99EE568D70/data/Containers/Data/Application/D8049A4D-0F2E-41F3-A2E9-8DFCFC53FF4B/Library/Cookies/Cookies.binarycookies
2015-01-21 17:02:31.247 HID Product Solutions[53976:1925062] Apache Cordova native platform version 3.7.0 is starting.
2015-01-21 17:02:31.248 HID Product Solutions[53976:1925062] Multi-tasking -> Device: YES, App: YES
2015-01-21 17:02:31.249 HID Product Solutions[53976:1925062] Unlimited access to network resources
2015-01-21 17:02:31.252 HID Product Solutions[53976:1925062] 

Started backup to iCloud! Please be careful.
Your application might be rejected by Apple if you store too much data.
For more information please read "iOS Data Storage Guidelines" at:
https://developer.apple.com/icloud/documentation/data-storage/
To disable web storage backup to iCloud, set the BackupWebStorage preference to "local" in the Cordova config.xml file

2015-01-21 17:02:31.497 HID Product Solutions[53976:1925062] [CDVTimer][socialsharing] 76.098979ms
2015-01-21 17:02:31.521 HID Product Solutions[53976:1925062] [CDVTimer][splashscreen] 23.707032ms
2015-01-21 17:02:31.521 HID Product Solutions[53976:1925062] [CDVTimer][TotalPluginStartup] 100.154042ms
2015-01-21 17:02:31.551 HID Product Solutions[53976:1925062] Resetting plugins due to page load.
2015-01-21 17:02:31.773 HID Product Solutions[53976:1925062] Finished load of: file:///Users/MMcWilliams/Library/Developer/CoreSimulator/Devices/9002621D-9032-42D1-8DF8-4C99EE568D70/data/Containers/Bundle/Application/50B495C2-DE27-479B-B2A5-F0E325EE4484/HID%20Product%20Solutions.app/www/index.html
2015-01-21 17:02:34.282 HID Product Solutions[53976:1925062] Resetting plugins due to page load.
2015-01-21 17:02:34.461 HID Product Solutions[53976:1925062] Finished load of: file:///Users/MMcWilliams/Library/Developer/CoreSimulator/Devices/9002621D-9032-42D1-8DF8-4C99EE568D70/data/Containers/Bundle/Application/50B495C2-DE27-479B-B2A5-F0E325EE4484/HID%20Product%20Solutions.app/www/vertical.html#card
2015-01-21 17:02:35.505 HID Product Solutions[53976:1925062] Resetting plugins due to page load.
2015-01-21 17:02:35.673 HID Product Solutions[53976:1925062] Finished load of: file:///Users/MMcWilliams/Library/Developer/CoreSimulator/Devices/9002621D-9032-42D1-8DF8-4C99EE568D70/data/Containers/Bundle/Application/50B495C2-DE27-479B-B2A5-F0E325EE4484/HID%20Product%20Solutions.app/www/product.html
2015-01-21 17:03:23.830 HID Product Solutions[54599:1926510] DiskCookieStorage changing policy from 2 to 0, cookie file: file:///Users/MMcWilliams/Library/Developer/CoreSimulator/Devices/9002621D-9032-42D1-8DF8-4C99EE568D70/data/Containers/Data/Application/B4583450-F49D-4086-A7B8-E5FCB388F5D5/Library/Cookies/Cookies.binarycookies
2015-01-21 17:03:23.908 HID Product Solutions[54599:1926510] Apache Cordova native platform version 3.7.0 is starting.
2015-01-21 17:03:23.909 HID Product Solutions[54599:1926510] Multi-tasking -> Device: YES, App: YES
2015-01-21 17:03:23.910 HID Product Solutions[54599:1926510] Unlimited access to network resources
2015-01-21 17:03:23.913 HID Product Solutions[54599:1926510] 

Started backup to iCloud! Please be careful.
Your application might be rejected by Apple if you store too much data.
For more information please read "iOS Data Storage Guidelines" at:
https://developer.apple.com/icloud/documentation/data-storage/
To disable web storage backup to iCloud, set the BackupWebStorage preference to "local" in the Cordova config.xml file

2015-01-21 17:03:24.160 HID Product Solutions[54599:1926510] [CDVTimer][socialsharing] 78.634024ms
2015-01-21 17:03:24.184 HID Product Solutions[54599:1926510] [CDVTimer][splashscreen] 23.504019ms
2015-01-21 17:03:24.184 HID Product Solutions[54599:1926510] [CDVTimer][TotalPluginStartup] 102.459013ms
2015-01-21 17:03:24.214 HID Product Solutions[54599:1926510] Resetting plugins due to page load.
2015-01-21 17:03:24.465 HID Product Solutions[54599:1926510] Finished load of: file:///Users/MMcWilliams/Library/Developer/CoreSimulator/Devices/9002621D-9032-42D1-8DF8-4C99EE568D70/data/Containers/Bundle/Application/C5BAE5C0-5B4D-4903-BDB3-EDB9E407D08C/HID%20Product%20Solutions.app/www/index.html
2015-01-21 17:03:27.832 HID Product Solutions[54599:1926510] Resetting plugins due to page load.
2015-01-21 17:03:27.987 HID Product Solutions[54599:1926510] Finished load of: file:///Users/MMcWilliams/Library/Developer/CoreSimulator/Devices/9002621D-9032-42D1-8DF8-4C99EE568D70/data/Containers/Bundle/Application/C5BAE5C0-5B4D-4903-BDB3-EDB9E407D08C/HID%20Product%20Solutions.app/www/vertical.html#card
2015-01-21 17:03:28.838 HID Product Solutions[54599:1926510] Resetting plugins due to page load.
2015-01-21 17:03:29.006 HID Product Solutions[54599:1926510] Finished load of: file:///Users/MMcWilliams/Library/Developer/CoreSimulator/Devices/9002621D-9032-42D1-8DF8-4C99EE568D70/data/Containers/Bundle/Application/C5BAE5C0-5B4D-4903-BDB3-EDB9E407D08C/HID%20Product%20Solutions.app/www/product.html
2015-01-21 17:03:32.262 HID Product Solutions[54599:1926510] THREAD WARNING: ['SocialSharing'] took '476.207031' ms. Plugin should use a background thread.
2015-01-21 17:07:04.291 HID Product Solutions[55261:1929335] DiskCookieStorage changing policy from 2 to 0, cookie file: file:///Users/MMcWilliams/Library/Developer/CoreSimulator/Devices/9002621D-9032-42D1-8DF8-4C99EE568D70/data/Containers/Data/Application/9484A752-A27C-4141-A396-2840F07A535C/Library/Cookies/Cookies.binarycookies
2015-01-21 17:07:04.378 HID Product Solutions[55261:1929335] Apache Cordova native platform version 3.7.0 is starting.
2015-01-21 17:07:04.378 HID Product Solutions[55261:1929335] Multi-tasking -> Device: YES, App: YES
2015-01-21 17:07:04.379 HID Product Solutions[55261:1929335] Unlimited access to network resources
2015-01-21 17:07:04.382 HID Product Solutions[55261:1929335] 

Started backup to iCloud! Please be careful.
Your application might be rejected by Apple if you store too much data.
For more information please read "iOS Data Storage Guidelines" at:
https://developer.apple.com/icloud/documentation/data-storage/
To disable web storage backup to iCloud, set the BackupWebStorage preference to "local" in the Cordova config.xml file

2015-01-21 17:07:04.632 HID Product Solutions[55261:1929335] [CDVTimer][socialsharing] 76.857984ms
2015-01-21 17:07:04.659 HID Product Solutions[55261:1929335] [CDVTimer][splashscreen] 26.832998ms
2015-01-21 17:07:04.660 HID Product Solutions[55261:1929335] [CDVTimer][TotalPluginStartup] 104.001999ms
2015-01-21 17:07:04.690 HID Product Solutions[55261:1929335] Resetting plugins due to page load.
2015-01-21 17:07:04.896 HID Product Solutions[55261:1929335] Finished load of: file:///Users/MMcWilliams/Library/Developer/CoreSimulator/Devices/9002621D-9032-42D1-8DF8-4C99EE568D70/data/Containers/Bundle/Application/921FCE3D-5615-41FB-84DA-33CC0FFDC70A/HID%20Product%20Solutions.app/www/index.html
2015-01-21 17:07:06.213 HID Product Solutions[55261:1929335] Resetting plugins due to page load.
2015-01-21 17:07:06.359 HID Product Solutions[55261:1929335] Finished load of: file:///Users/MMcWilliams/Library/Developer/CoreSimulator/Devices/9002621D-9032-42D1-8DF8-4C99EE568D70/data/Containers/Bundle/Application/921FCE3D-5615-41FB-84DA-33CC0FFDC70A/HID%20Product%20Solutions.app/www/vertical.html#card
2015-01-21 17:07:07.286 HID Product Solutions[55261:1929335] Resetting plugins due to page load.
2015-01-21 17:07:07.374 HID Product Solutions[55261:1929335] Finished load of: file:///Users/MMcWilliams/Library/Developer/CoreSimulator/Devices/9002621D-9032-42D1-8DF8-4C99EE568D70/data/Containers/Bundle/Application/921FCE3D-5615-41FB-84DA-33CC0FFDC70A/HID%20Product%20Solutions.app/www/product.html
2015-01-21 17:07:09.074 HID Product Solutions[55261:1929335] THREAD WARNING: ['SocialSharing'] took '148.151367' ms. Plugin should use a background thread.
2015-01-21 17:07:47.401 HID Product Solutions[55882:1930709] DiskCookieStorage changing policy from 2 to 0, cookie file: file:///Users/MMcWilliams/Library/Developer/CoreSimulator/Devices/9002621D-9032-42D1-8DF8-4C99EE568D70/data/Containers/Data/Application/ADE22640-6960-4EF3-AE5D-73242CEF1483/Library/Cookies/Cookies.binarycookies
2015-01-21 17:07:47.483 HID Product Solutions[55882:1930709] Apache Cordova native platform version 3.7.0 is starting.
2015-01-21 17:07:47.483 HID Product Solutions[55882:1930709] Multi-tasking -> Device: YES, App: YES
2015-01-21 17:07:47.484 HID Product Solutions[55882:1930709] Unlimited access to network resources
2015-01-21 17:07:47.487 HID Product Solutions[55882:1930709] 

Started backup to iCloud! Please be careful.
Your application might be rejected by Apple if you store too much data.
For more information please read "iOS Data Storage Guidelines" at:
https://developer.apple.com/icloud/documentation/data-storage/
To disable web storage backup to iCloud, set the BackupWebStorage preference to "local" in the Cordova config.xml file

2015-01-21 17:07:47.732 HID Product Solutions[55882:1930709] [CDVTimer][socialsharing] 76.519012ms
2015-01-21 17:07:47.757 HID Product Solutions[55882:1930709] [CDVTimer][splashscreen] 24.245977ms
2015-01-21 17:07:47.757 HID Product Solutions[55882:1930709] [CDVTimer][TotalPluginStartup] 101.069033ms
2015-01-21 17:07:47.787 HID Product Solutions[55882:1930709] Resetting plugins due to page load.
2015-01-21 17:07:48.010 HID Product Solutions[55882:1930709] Finished load of: file:///Users/MMcWilliams/Library/Developer/CoreSimulator/Devices/9002621D-9032-42D1-8DF8-4C99EE568D70/data/Containers/Bundle/Application/FC5CFA10-F00F-43A2-8DC0-57276E519F9F/HID%20Product%20Solutions.app/www/index.html
2015-01-21 17:07:50.748 HID Product Solutions[55882:1930709] Resetting plugins due to page load.
2015-01-21 17:07:50.911 HID Product Solutions[55882:1930709] Finished load of: file:///Users/MMcWilliams/Library/Developer/CoreSimulator/Devices/9002621D-9032-42D1-8DF8-4C99EE568D70/data/Containers/Bundle/Application/FC5CFA10-F00F-43A2-8DC0-57276E519F9F/HID%20Product%20Solutions.app/www/vertical.html#card
2015-01-21 17:07:51.673 HID Product Solutions[55882:1930709] Resetting plugins due to page load.
2015-01-21 17:07:51.749 HID Product Solutions[55882:1930709] Finished load of: file:///Users/MMcWilliams/Library/Developer/CoreSimulator/Devices/9002621D-9032-42D1-8DF8-4C99EE568D70/data/Containers/Bundle/Application/FC5CFA10-F00F-43A2-8DC0-57276E519F9F/HID%20Product%20Solutions.app/www/product.html
2015-01-21 17:07:53.093 HID Product Solutions[55882:1930709] Resetting plugins due to page load.
2015-01-21 17:07:53.209 HID Product Solutions[55882:1930709] Finished load of: file:///Users/MMcWilliams/Library/Developer/CoreSimulator/Devices/9002621D-9032-42D1-8DF8-4C99EE568D70/data/Containers/Bundle/Application/FC5CFA10-F00F-43A2-8DC0-57276E519F9F/HID%20Product%20Solutions.app/www/vertical.html#card
2015-01-21 17:11:10.756 HID Product Solutions[56570:1933721] DiskCookieStorage changing policy from 2 to 0, cookie file: file:///Users/MMcWilliams/Library/Developer/CoreSimulator/Devices/9002621D-9032-42D1-8DF8-4C99EE568D70/data/Containers/Data/Application/FBD3D325-122C-46BC-872C-22DAAC94654B/Library/Cookies/Cookies.binarycookies
2015-01-21 17:11:10.834 HID Product Solutions[56570:1933721] Apache Cordova native platform version 3.7.0 is starting.
2015-01-21 17:11:10.835 HID Product Solutions[56570:1933721] Multi-tasking -> Device: YES, App: YES
2015-01-21 17:11:10.836 HID Product Solutions[56570:1933721] Unlimited access to network resources
2015-01-21 17:11:10.838 HID Product Solutions[56570:1933721] 

Started backup to iCloud! Please be careful.
Your application might be rejected by Apple if you store too much data.
For more information please read "iOS Data Storage Guidelines" at:
https://developer.apple.com/icloud/documentation/data-storage/
To disable web storage backup to iCloud, set the BackupWebStorage preference to "local" in the Cordova config.xml file

2015-01-21 17:11:11.083 HID Product Solutions[56570:1933721] [CDVTimer][socialsharing] 76.398969ms
2015-01-21 17:11:11.107 HID Product Solutions[56570:1933721] [CDVTimer][splashscreen] 23.748994ms
2015-01-21 17:11:11.107 HID Product Solutions[56570:1933721] [CDVTimer][TotalPluginStartup] 100.463986ms
2015-01-21 17:11:11.139 HID Product Solutions[56570:1933721] Resetting plugins due to page load.
2015-01-21 17:11:11.362 HID Product Solutions[56570:1933721] Finished load of: file:///Users/MMcWilliams/Library/Developer/CoreSimulator/Devices/9002621D-9032-42D1-8DF8-4C99EE568D70/data/Containers/Bundle/Application/0FA6CC95-6BED-4424-A6AE-0F834BF31596/HID%20Product%20Solutions.app/www/index.html
2015-01-21 17:11:13.707 HID Product Solutions[56570:1933721] Resetting plugins due to page load.
2015-01-21 17:11:13.850 HID Product Solutions[56570:1933721] Finished load of: file:///Users/MMcWilliams/Library/Developer/CoreSimulator/Devices/9002621D-9032-42D1-8DF8-4C99EE568D70/data/Containers/Bundle/Application/0FA6CC95-6BED-4424-A6AE-0F834BF31596/HID%20Product%20Solutions.app/www/vertical.html#card
2015-01-21 17:11:14.706 HID Product Solutions[56570:1933721] Resetting plugins due to page load.
2015-01-21 17:11:14.847 HID Product Solutions[56570:1933721] Finished load of: file:///Users/MMcWilliams/Library/Developer/CoreSimulator/Devices/9002621D-9032-42D1-8DF8-4C99EE568D70/data/Containers/Bundle/Application/0FA6CC95-6BED-4424-A6AE-0F834BF31596/HID%20Product%20Solutions.app/www/product.html
2015-01-21 17:11:15.806 HID Product Solutions[56570:1933721] Resetting plugins due to page load.
2015-01-21 17:11:15.807 HID Product Solutions[56570:1933721] Failed to load webpage with error: The requested URL was not found on this server.
2015-01-21 17:11:17.339 HID Product Solutions[56570:1933721] Resetting plugins due to page load.
2015-01-21 17:11:17.340 HID Product Solutions[56570:1933721] Failed to load webpage with error: The requested URL was not found on this server.
2015-01-21 17:11:17.565 HID Product Solutions[56570:1933721] Resetting plugins due to page load.
2015-01-21 17:11:17.566 HID Product Solutions[56570:1933721] Failed to load webpage with error: The requested URL was not found on this server.
2015-01-21 17:11:17.781 HID Product Solutions[56570:1933721] Resetting plugins due to page load.
2015-01-21 17:11:17.782 HID Product Solutions[56570:1933721] Failed to load webpage with error: The requested URL was not found on this server.
2015-01-21 17:11:18.017 HID Product Solutions[56570:1933721] Resetting plugins due to page load.
2015-01-21 17:11:18.018 HID Product Solutions[56570:1933721] Failed to load webpage with error: The requested URL was not found on this server.
2015-01-21 17:11:18.235 HID Product Solutions[56570:1933721] Resetting plugins due to page load.
2015-01-21 17:11:18.236 HID Product Solutions[56570:1933721] Failed to load webpage with error: The requested URL was not found on this server.
2015-01-21 17:11:18.699 HID Product Solutions[56570:1933721] Resetting plugins due to page load.
2015-01-21 17:11:18.700 HID Product Solutions[56570:1933721] Failed to load webpage with error: The requested URL was not found on this server.
2015-01-21 17:13:19.311 HID Product Solutions[57215:1935836] DiskCookieStorage changing policy from 2 to 0, cookie file: file:///Users/MMcWilliams/Library/Developer/CoreSimulator/Devices/9002621D-9032-42D1-8DF8-4C99EE568D70/data/Containers/Data/Application/CE874B5F-82AF-41EB-AB56-C4C785F91622/Library/Cookies/Cookies.binarycookies
2015-01-21 17:13:19.388 HID Product Solutions[57215:1935836] Apache Cordova native platform version 3.7.0 is starting.
2015-01-21 17:13:19.389 HID Product Solutions[57215:1935836] Multi-tasking -> Device: YES, App: YES
2015-01-21 17:13:19.390 HID Product Solutions[57215:1935836] Unlimited access to network resources
2015-01-21 17:13:19.392 HID Product Solutions[57215:1935836] 

Started backup to iCloud! Please be careful.
Your application might be rejected by Apple if you store too much data.
For more information please read "iOS Data Storage Guidelines" at:
https://developer.apple.com/icloud/documentation/data-storage/
To disable web storage backup to iCloud, set the BackupWebStorage preference to "local" in the Cordova config.xml file

2015-01-21 17:13:19.640 HID Product Solutions[57215:1935836] [CDVTimer][socialsharing] 76.795995ms
2015-01-21 17:13:19.662 HID Product Solutions[57215:1935836] [CDVTimer][splashscreen] 22.202015ms
2015-01-21 17:13:19.662 HID Product Solutions[57215:1935836] [CDVTimer][TotalPluginStartup] 99.310994ms
2015-01-21 17:13:19.692 HID Product Solutions[57215:1935836] Resetting plugins due to page load.
2015-01-21 17:13:19.891 HID Product Solutions[57215:1935836] Finished load of: file:///Users/MMcWilliams/Library/Developer/CoreSimulator/Devices/9002621D-9032-42D1-8DF8-4C99EE568D70/data/Containers/Bundle/Application/B75C1F56-09FD-4A82-814E-6214A74D8FAA/HID%20Product%20Solutions.app/www/index.html
2015-01-21 17:13:22.670 HID Product Solutions[57215:1935836] Resetting plugins due to page load.
2015-01-21 17:13:22.815 HID Product Solutions[57215:1935836] Finished load of: file:///Users/MMcWilliams/Library/Developer/CoreSimulator/Devices/9002621D-9032-42D1-8DF8-4C99EE568D70/data/Containers/Bundle/Application/B75C1F56-09FD-4A82-814E-6214A74D8FAA/HID%20Product%20Solutions.app/www/vertical.html#card
2015-01-21 17:13:24.088 HID Product Solutions[57215:1935836] Resetting plugins due to page load.
2015-01-21 17:13:24.242 HID Product Solutions[57215:1935836] Finished load of: file:///Users/MMcWilliams/Library/Developer/CoreSimulator/Devices/9002621D-9032-42D1-8DF8-4C99EE568D70/data/Containers/Bundle/Application/B75C1F56-09FD-4A82-814E-6214A74D8FAA/HID%20Product%20Solutions.app/www/product.html
2015-01-21 17:15:30.597 HID Product Solutions[57848:1937741] DiskCookieStorage changing policy from 2 to 0, cookie file: file:///Users/MMcWilliams/Library/Developer/CoreSimulator/Devices/9002621D-9032-42D1-8DF8-4C99EE568D70/data/Containers/Data/Application/41749714-3D38-4407-ABA0-514BEAAE138D/Library/Cookies/Cookies.binarycookies
2015-01-21 17:15:30.682 HID Product Solutions[57848:1937741] Apache Cordova native platform version 3.7.0 is starting.
2015-01-21 17:15:30.683 HID Product Solutions[57848:1937741] Multi-tasking -> Device: YES, App: YES
2015-01-21 17:15:30.684 HID Product Solutions[57848:1937741] Unlimited access to network resources
2015-01-21 17:15:30.687 HID Product Solutions[57848:1937741] 

Started backup to iCloud! Please be careful.
Your application might be rejected by Apple if you store too much data.
For more information please read "iOS Data Storage Guidelines" at:
https://developer.apple.com/icloud/documentation/data-storage/
To disable web storage backup to iCloud, set the BackupWebStorage preference to "local" in the Cordova config.xml file

2015-01-21 17:15:30.930 HID Product Solutions[57848:1937741] [CDVTimer][socialsharing] 75.836003ms
2015-01-21 17:15:30.951 HID Product Solutions[57848:1937741] [CDVTimer][splashscreen] 21.610022ms
2015-01-21 17:15:30.952 HID Product Solutions[57848:1937741] [CDVTimer][TotalPluginStartup] 97.755015ms
2015-01-21 17:15:30.982 HID Product Solutions[57848:1937741] Resetting plugins due to page load.
2015-01-21 17:15:31.183 HID Product Solutions[57848:1937741] Finished load of: file:///Users/MMcWilliams/Library/Developer/CoreSimulator/Devices/9002621D-9032-42D1-8DF8-4C99EE568D70/data/Containers/Bundle/Application/868E4460-7DD7-4742-B109-58FF66E26E66/HID%20Product%20Solutions.app/www/index.html
2015-01-21 17:15:33.485 HID Product Solutions[57848:1937741] Resetting plugins due to page load.
2015-01-21 17:15:33.632 HID Product Solutions[57848:1937741] Finished load of: file:///Users/MMcWilliams/Library/Developer/CoreSimulator/Devices/9002621D-9032-42D1-8DF8-4C99EE568D70/data/Containers/Bundle/Application/868E4460-7DD7-4742-B109-58FF66E26E66/HID%20Product%20Solutions.app/www/vertical.html#card
2015-01-21 17:15:34.678 HID Product Solutions[57848:1937741] Resetting plugins due to page load.
2015-01-21 17:15:34.754 HID Product Solutions[57848:1937741] Finished load of: file:///Users/MMcWilliams/Library/Developer/CoreSimulator/Devices/9002621D-9032-42D1-8DF8-4C99EE568D70/data/Containers/Bundle/Application/868E4460-7DD7-4742-B109-58FF66E26E66/HID%20Product%20Solutions.app/www/product.html
2015-01-21 17:16:29.765 HID Product Solutions[58463:1939166] DiskCookieStorage changing policy from 2 to 0, cookie file: file:///Users/MMcWilliams/Library/Developer/CoreSimulator/Devices/9002621D-9032-42D1-8DF8-4C99EE568D70/data/Containers/Data/Application/3F4D0732-666C-449A-A837-070ACE443974/Library/Cookies/Cookies.binarycookies
2015-01-21 17:16:29.841 HID Product Solutions[58463:1939166] Apache Cordova native platform version 3.7.0 is starting.
2015-01-21 17:16:29.841 HID Product Solutions[58463:1939166] Multi-tasking -> Device: YES, App: YES
2015-01-21 17:16:29.843 HID Product Solutions[58463:1939166] Unlimited access to network resources
2015-01-21 17:16:29.845 HID Product Solutions[58463:1939166] 

Started backup to iCloud! Please be careful.
Your application might be rejected by Apple if you store too much data.
For more information please read "iOS Data Storage Guidelines" at:
https://developer.apple.com/icloud/documentation/data-storage/
To disable web storage backup to iCloud, set the BackupWebStorage preference to "local" in the Cordova config.xml file

2015-01-21 17:16:30.091 HID Product Solutions[58463:1939166] [CDVTimer][socialsharing] 76.259017ms
2015-01-21 17:16:30.113 HID Product Solutions[58463:1939166] [CDVTimer][splashscreen] 22.671998ms
2015-01-21 17:16:30.114 HID Product Solutions[58463:1939166] [CDVTimer][TotalPluginStartup] 99.270999ms
2015-01-21 17:16:30.146 HID Product Solutions[58463:1939166] Resetting plugins due to page load.
2015-01-21 17:16:30.344 HID Product Solutions[58463:1939166] Finished load of: file:///Users/MMcWilliams/Library/Developer/CoreSimulator/Devices/9002621D-9032-42D1-8DF8-4C99EE568D70/data/Containers/Bundle/Application/A211699B-3B9D-4A13-AFD0-66B0034F8712/HID%20Product%20Solutions.app/www/index.html
2015-01-21 17:16:34.020 HID Product Solutions[58463:1939166] Resetting plugins due to page load.
2015-01-21 17:16:34.185 HID Product Solutions[58463:1939166] Finished load of: file:///Users/MMcWilliams/Library/Developer/CoreSimulator/Devices/9002621D-9032-42D1-8DF8-4C99EE568D70/data/Containers/Bundle/Application/A211699B-3B9D-4A13-AFD0-66B0034F8712/HID%20Product%20Solutions.app/www/vertical.html#card
2015-01-21 17:16:35.022 HID Product Solutions[58463:1939166] Resetting plugins due to page load.
2015-01-21 17:16:35.114 HID Product Solutions[58463:1939166] Finished load of: file:///Users/MMcWilliams/Library/Developer/CoreSimulator/Devices/9002621D-9032-42D1-8DF8-4C99EE568D70/data/Containers/Bundle/Application/A211699B-3B9D-4A13-AFD0-66B0034F8712/HID%20Product%20Solutions.app/www/product.html
2015-01-21 17:16:36.571 HID Product Solutions[58463:1939166] Resetting plugins due to page load.
2015-01-21 17:16:36.686 HID Product Solutions[58463:1939166] Finished load of: file:///Users/MMcWilliams/Library/Developer/CoreSimulator/Devices/9002621D-9032-42D1-8DF8-4C99EE568D70/data/Containers/Bundle/Application/A211699B-3B9D-4A13-AFD0-66B0034F8712/HID%20Product%20Solutions.app/www/vertical.html#card
2015-01-21 17:17:40.105 HID Product Solutions[59091:1940800] DiskCookieStorage changing policy from 2 to 0, cookie file: file:///Users/MMcWilliams/Library/Developer/CoreSimulator/Devices/9002621D-9032-42D1-8DF8-4C99EE568D70/data/Containers/Data/Application/FAA9E8E7-8AA8-4712-8B87-5805E8CCC1C3/Library/Cookies/Cookies.binarycookies
2015-01-21 17:17:40.181 HID Product Solutions[59091:1940800] Apache Cordova native platform version 3.7.0 is starting.
2015-01-21 17:17:40.182 HID Product Solutions[59091:1940800] Multi-tasking -> Device: YES, App: YES
2015-01-21 17:17:40.183 HID Product Solutions[59091:1940800] Unlimited access to network resources
2015-01-21 17:17:40.186 HID Product Solutions[59091:1940800] 

Started backup to iCloud! Please be careful.
Your application might be rejected by Apple if you store too much data.
For more information please read "iOS Data Storage Guidelines" at:
https://developer.apple.com/icloud/documentation/data-storage/
To disable web storage backup to iCloud, set the BackupWebStorage preference to "local" in the Cordova config.xml file

2015-01-21 17:17:40.433 HID Product Solutions[59091:1940800] [CDVTimer][socialsharing] 77.042997ms
2015-01-21 17:17:40.455 HID Product Solutions[59091:1940800] [CDVTimer][splashscreen] 22.071958ms
2015-01-21 17:17:40.456 HID Product Solutions[59091:1940800] [CDVTimer][TotalPluginStartup] 99.422991ms
2015-01-21 17:17:40.486 HID Product Solutions[59091:1940800] Resetting plugins due to page load.
2015-01-21 17:17:40.711 HID Product Solutions[59091:1940800] Finished load of: file:///Users/MMcWilliams/Library/Developer/CoreSimulator/Devices/9002621D-9032-42D1-8DF8-4C99EE568D70/data/Containers/Bundle/Application/D415E194-E84D-461F-95F9-1C68E11F1BA5/HID%20Product%20Solutions.app/www/index.html
2015-01-21 17:17:41.809 HID Product Solutions[59091:1940800] Resetting plugins due to page load.
2015-01-21 17:17:41.962 HID Product Solutions[59091:1940800] Finished load of: file:///Users/MMcWilliams/Library/Developer/CoreSimulator/Devices/9002621D-9032-42D1-8DF8-4C99EE568D70/data/Containers/Bundle/Application/D415E194-E84D-461F-95F9-1C68E11F1BA5/HID%20Product%20Solutions.app/www/vertical.html#card
2015-01-21 17:17:42.753 HID Product Solutions[59091:1940800] Resetting plugins due to page load.
2015-01-21 17:17:42.895 HID Product Solutions[59091:1940800] Finished load of: file:///Users/MMcWilliams/Library/Developer/CoreSimulator/Devices/9002621D-9032-42D1-8DF8-4C99EE568D70/data/Containers/Bundle/Application/D415E194-E84D-461F-95F9-1C68E11F1BA5/HID%20Product%20Solutions.app/www/product.html
2015-01-21 17:18:20.343 HID Product Solutions[59706:1942143] DiskCookieStorage changing policy from 2 to 0, cookie file: file:///Users/MMcWilliams/Library/Developer/CoreSimulator/Devices/9002621D-9032-42D1-8DF8-4C99EE568D70/data/Containers/Data/Application/4CA9F266-9FA7-4D17-9977-4C347A55E274/Library/Cookies/Cookies.binarycookies
2015-01-21 17:18:20.430 HID Product Solutions[59706:1942143] Apache Cordova native platform version 3.7.0 is starting.
2015-01-21 17:18:20.430 HID Product Solutions[59706:1942143] Multi-tasking -> Device: YES, App: YES
2015-01-21 17:18:20.432 HID Product Solutions[59706:1942143] Unlimited access to network resources
2015-01-21 17:18:20.434 HID Product Solutions[59706:1942143] 

Started backup to iCloud! Please be careful.
Your application might be rejected by Apple if you store too much data.
For more information please read "iOS Data Storage Guidelines" at:
https://developer.apple.com/icloud/documentation/data-storage/
To disable web storage backup to iCloud, set the BackupWebStorage preference to "local" in the Cordova config.xml file

2015-01-21 17:18:20.682 HID Product Solutions[59706:1942143] [CDVTimer][socialsharing] 76.413035ms
2015-01-21 17:18:20.710 HID Product Solutions[59706:1942143] [CDVTimer][splashscreen] 27.842999ms
2015-01-21 17:18:20.710 HID Product Solutions[59706:1942143] [CDVTimer][TotalPluginStartup] 104.579985ms
2015-01-21 17:18:20.741 HID Product Solutions[59706:1942143] Resetting plugins due to page load.
2015-01-21 17:18:20.949 HID Product Solutions[59706:1942143] Finished load of: file:///Users/MMcWilliams/Library/Developer/CoreSimulator/Devices/9002621D-9032-42D1-8DF8-4C99EE568D70/data/Containers/Bundle/Application/1CF03862-E03C-489C-AD3F-FF1162A96C92/HID%20Product%20Solutions.app/www/index.html
2015-01-21 17:18:22.457 HID Product Solutions[59706:1942143] Resetting plugins due to page load.
2015-01-21 17:18:22.611 HID Product Solutions[59706:1942143] Finished load of: file:///Users/MMcWilliams/Library/Developer/CoreSimulator/Devices/9002621D-9032-42D1-8DF8-4C99EE568D70/data/Containers/Bundle/Application/1CF03862-E03C-489C-AD3F-FF1162A96C92/HID%20Product%20Solutions.app/www/vertical.html#card
2015-01-21 17:18:23.429 HID Product Solutions[59706:1942143] Resetting plugins due to page load.
2015-01-21 17:18:23.592 HID Product Solutions[59706:1942143] Finished load of: file:///Users/MMcWilliams/Library/Developer/CoreSimulator/Devices/9002621D-9032-42D1-8DF8-4C99EE568D70/data/Containers/Bundle/Application/1CF03862-E03C-489C-AD3F-FF1162A96C92/HID%20Product%20Solutions.app/www/product.html
2015-01-21 17:19:16.659 HID Product Solutions[60340:1943649] DiskCookieStorage changing policy from 2 to 0, cookie file: file:///Users/MMcWilliams/Library/Developer/CoreSimulator/Devices/9002621D-9032-42D1-8DF8-4C99EE568D70/data/Containers/Data/Application/BDC4F4DF-719E-429C-8F40-A69405ECB03D/Library/Cookies/Cookies.binarycookies
2015-01-21 17:19:16.740 HID Product Solutions[60340:1943649] Apache Cordova native platform version 3.7.0 is starting.
2015-01-21 17:19:16.740 HID Product Solutions[60340:1943649] Multi-tasking -> Device: YES, App: YES
2015-01-21 17:19:16.742 HID Product Solutions[60340:1943649] Unlimited access to network resources
2015-01-21 17:19:16.771 HID Product Solutions[60340:1943649] 

Started backup to iCloud! Please be careful.
Your application might be rejected by Apple if you store too much data.
For more information please read "iOS Data Storage Guidelines" at:
https://developer.apple.com/icloud/documentation/data-storage/
To disable web storage backup to iCloud, set the BackupWebStorage preference to "local" in the Cordova config.xml file

2015-01-21 17:19:17.056 HID Product Solutions[60340:1943649] [CDVTimer][socialsharing] 76.754987ms
2015-01-21 17:19:17.081 HID Product Solutions[60340:1943649] [CDVTimer][splashscreen] 24.506032ms
2015-01-21 17:19:17.081 HID Product Solutions[60340:1943649] [CDVTimer][TotalPluginStartup] 101.571023ms
2015-01-21 17:19:17.113 HID Product Solutions[60340:1943649] Resetting plugins due to page load.
2015-01-21 17:19:17.342 HID Product Solutions[60340:1943649] Finished load of: file:///Users/MMcWilliams/Library/Developer/CoreSimulator/Devices/9002621D-9032-42D1-8DF8-4C99EE568D70/data/Containers/Bundle/Application/5101EB99-1315-4513-9F52-9AAE7301E8A0/HID%20Product%20Solutions.app/www/index.html
2015-01-21 17:19:19.746 HID Product Solutions[60340:1943649] Resetting plugins due to page load.
2015-01-21 17:19:19.871 HID Product Solutions[60340:1943649] Finished load of: file:///Users/MMcWilliams/Library/Developer/CoreSimulator/Devices/9002621D-9032-42D1-8DF8-4C99EE568D70/data/Containers/Bundle/Application/5101EB99-1315-4513-9F52-9AAE7301E8A0/HID%20Product%20Solutions.app/www/vertical.html#card
2015-01-21 17:19:20.724 HID Product Solutions[60340:1943649] Resetting plugins due to page load.
2015-01-21 17:19:20.867 HID Product Solutions[60340:1943649] Finished load of: file:///Users/MMcWilliams/Library/Developer/CoreSimulator/Devices/9002621D-9032-42D1-8DF8-4C99EE568D70/data/Containers/Bundle/Application/5101EB99-1315-4513-9F52-9AAE7301E8A0/HID%20Product%20Solutions.app/www/product.html
2015-01-21 17:20:01.673 HID Product Solutions[60955:1944949] DiskCookieStorage changing policy from 2 to 0, cookie file: file:///Users/MMcWilliams/Library/Developer/CoreSimulator/Devices/9002621D-9032-42D1-8DF8-4C99EE568D70/data/Containers/Data/Application/B1137951-BADE-4AE4-AC50-185FAE3DF3F0/Library/Cookies/Cookies.binarycookies
2015-01-21 17:20:01.759 HID Product Solutions[60955:1944949] Apache Cordova native platform version 3.7.0 is starting.
2015-01-21 17:20:01.759 HID Product Solutions[60955:1944949] Multi-tasking -> Device: YES, App: YES
2015-01-21 17:20:01.760 HID Product Solutions[60955:1944949] Unlimited access to network resources
2015-01-21 17:20:01.763 HID Product Solutions[60955:1944949] 

Started backup to iCloud! Please be careful.
Your application might be rejected by Apple if you store too much data.
For more information please read "iOS Data Storage Guidelines" at:
https://developer.apple.com/icloud/documentation/data-storage/
To disable web storage backup to iCloud, set the BackupWebStorage preference to "local" in the Cordova config.xml file

2015-01-21 17:20:02.009 HID Product Solutions[60955:1944949] [CDVTimer][socialsharing] 77.253997ms
2015-01-21 17:20:02.032 HID Product Solutions[60955:1944949] [CDVTimer][splashscreen] 22.620976ms
2015-01-21 17:20:02.032 HID Product Solutions[60955:1944949] [CDVTimer][TotalPluginStartup] 100.187004ms
2015-01-21 17:20:02.064 HID Product Solutions[60955:1944949] Resetting plugins due to page load.
2015-01-21 17:20:02.333 HID Product Solutions[60955:1944949] Finished load of: file:///Users/MMcWilliams/Library/Developer/CoreSimulator/Devices/9002621D-9032-42D1-8DF8-4C99EE568D70/data/Containers/Bundle/Application/2C468738-62C1-4AED-90F1-3229D438AD33/HID%20Product%20Solutions.app/www/index.html
2015-01-21 17:20:04.241 HID Product Solutions[60955:1944949] Resetting plugins due to page load.
2015-01-21 17:20:04.381 HID Product Solutions[60955:1944949] Finished load of: file:///Users/MMcWilliams/Library/Developer/CoreSimulator/Devices/9002621D-9032-42D1-8DF8-4C99EE568D70/data/Containers/Bundle/Application/2C468738-62C1-4AED-90F1-3229D438AD33/HID%20Product%20Solutions.app/www/vertical.html#card
2015-01-21 17:20:05.810 HID Product Solutions[60955:1944949] Resetting plugins due to page load.
2015-01-21 17:20:06.026 HID Product Solutions[60955:1944949] Finished load of: file:///Users/MMcWilliams/Library/Developer/CoreSimulator/Devices/9002621D-9032-42D1-8DF8-4C99EE568D70/data/Containers/Bundle/Application/2C468738-62C1-4AED-90F1-3229D438AD33/HID%20Product%20Solutions.app/www/product.html
2015-01-21 17:20:08.954 HID Product Solutions[60955:1944949] Resetting plugins due to page load.
2015-01-21 17:20:08.955 HID Product Solutions[60955:1944949] Failed to load webpage with error: The requested URL was not found on this server.
2015-01-21 17:20:09.159 HID Product Solutions[60955:1944949] Resetting plugins due to page load.
2015-01-21 17:20:09.159 HID Product Solutions[60955:1944949] Failed to load webpage with error: The requested URL was not found on this server.
2015-01-21 17:20:09.364 HID Product Solutions[60955:1944949] Resetting plugins due to page load.
2015-01-21 17:20:09.365 HID Product Solutions[60955:1944949] Failed to load webpage with error: The requested URL was not found on this server.
2015-01-21 17:20:10.732 HID Product Solutions[60955:1944949] Unknown activity items supplied: (
    "www.x-services.nl"
)
2015-01-21 17:20:10.876 HID Product Solutions[60955:1944949] THREAD WARNING: ['SocialSharing'] took '148.791992' ms. Plugin should use a background thread.
2015-01-21 17:20:18.538 HID Product Solutions[60955:1944949] Unknown activity items supplied: (
    "www.x-services.nl"
)
2015-01-21 17:20:18.584 HID Product Solutions[60955:1944949] THREAD WARNING: ['SocialSharing'] took '47.029053' ms. Plugin should use a background thread.
2015-01-21 17:20:20.560 HID Product Solutions[60955:1944949] viewServiceDidTerminateWithError: Error Domain=_UIViewServiceInterfaceErrorDomain Code=3 "The operation couldn’t be completed. (_UIViewServiceInterfaceErrorDomain error 3.)" UserInfo=0x7a748d10 {Message=Service Connection Interrupted}
2015-01-21 17:20:20.573 HID Product Solutions[60955:1944949] viewServiceDidTerminateWithError: Error Domain=_UIViewServiceInterfaceErrorDomain Code=3 "The operation couldn’t be completed. (_UIViewServiceInterfaceErrorDomain error 3.)" UserInfo=0x7a6440d0 {Message=Service Connection Interrupted}
2015-01-21 17:21:47.257 HID Product Solutions[61606:1947286] DiskCookieStorage changing policy from 2 to 0, cookie file: file:///Users/MMcWilliams/Library/Developer/CoreSimulator/Devices/9002621D-9032-42D1-8DF8-4C99EE568D70/data/Containers/Data/Application/8EB77338-5E04-474C-89A9-16EE974745B2/Library/Cookies/Cookies.binarycookies
2015-01-21 17:21:47.479 HID Product Solutions[61606:1947286] Apache Cordova native platform version 3.7.0 is starting.
2015-01-21 17:21:47.480 HID Product Solutions[61606:1947286] Multi-tasking -> Device: YES, App: YES
2015-01-21 17:21:47.494 HID Product Solutions[61606:1947286] Unlimited access to network resources
2015-01-21 17:21:47.506 HID Product Solutions[61606:1947286] 

Started backup to iCloud! Please be careful.
Your application might be rejected by Apple if you store too much data.
For more information please read "iOS Data Storage Guidelines" at:
https://developer.apple.com/icloud/documentation/data-storage/
To disable web storage backup to iCloud, set the BackupWebStorage preference to "local" in the Cordova config.xml file

2015-01-21 17:21:47.870 HID Product Solutions[61606:1947286] [CDVTimer][socialsharing] 110.931039ms
2015-01-21 17:21:47.944 HID Product Solutions[61606:1947286] [CDVTimer][splashscreen] 73.647976ms
2015-01-21 17:21:47.944 HID Product Solutions[61606:1947286] [CDVTimer][TotalPluginStartup] 184.917033ms
2015-01-21 17:21:47.987 HID Product Solutions[61606:1947286] Resetting plugins due to page load.
2015-01-21 17:21:48.269 HID Product Solutions[61606:1947286] Finished load of: file:///Users/MMcWilliams/Library/Developer/CoreSimulator/Devices/9002621D-9032-42D1-8DF8-4C99EE568D70/data/Containers/Bundle/Application/684FDC52-A587-4D30-A7F7-0CA87BE5B225/HID%20Product%20Solutions.app/www/index.html
2015-01-21 17:21:49.381 HID Product Solutions[61606:1947286] Resetting plugins due to page load.
2015-01-21 17:21:49.558 HID Product Solutions[61606:1947286] Finished load of: file:///Users/MMcWilliams/Library/Developer/CoreSimulator/Devices/9002621D-9032-42D1-8DF8-4C99EE568D70/data/Containers/Bundle/Application/684FDC52-A587-4D30-A7F7-0CA87BE5B225/HID%20Product%20Solutions.app/www/vertical.html#card
2015-01-21 17:21:50.416 HID Product Solutions[61606:1947286] Resetting plugins due to page load.
2015-01-21 17:21:50.506 HID Product Solutions[61606:1947286] Finished load of: file:///Users/MMcWilliams/Library/Developer/CoreSimulator/Devices/9002621D-9032-42D1-8DF8-4C99EE568D70/data/Containers/Bundle/Application/684FDC52-A587-4D30-A7F7-0CA87BE5B225/HID%20Product%20Solutions.app/www/product.html
2015-01-21 17:21:52.626 HID Product Solutions[61606:1947286] Unknown activity items supplied: (
    "www.x-services.nl"
)
2015-01-21 17:21:52.757 HID Product Solutions[61606:1947286] THREAD WARNING: ['SocialSharing'] took '132.581055' ms. Plugin should use a background thread.
2015-01-21 17:22:50.017 HID Product Solutions[62227:1948744] DiskCookieStorage changing policy from 2 to 0, cookie file: file:///Users/MMcWilliams/Library/Developer/CoreSimulator/Devices/9002621D-9032-42D1-8DF8-4C99EE568D70/data/Containers/Data/Application/E1C2400E-EC9E-4342-9553-1F354D670C72/Library/Cookies/Cookies.binarycookies
2015-01-21 17:22:50.107 HID Product Solutions[62227:1948744] Apache Cordova native platform version 3.7.0 is starting.
2015-01-21 17:22:50.108 HID Product Solutions[62227:1948744] Multi-tasking -> Device: YES, App: YES
2015-01-21 17:22:50.109 HID Product Solutions[62227:1948744] Unlimited access to network resources
2015-01-21 17:22:50.112 HID Product Solutions[62227:1948744] 

Started backup to iCloud! Please be careful.
Your application might be rejected by Apple if you store too much data.
For more information please read "iOS Data Storage Guidelines" at:
https://developer.apple.com/icloud/documentation/data-storage/
To disable web storage backup to iCloud, set the BackupWebStorage preference to "local" in the Cordova config.xml file

2015-01-21 17:22:50.365 HID Product Solutions[62227:1948744] [CDVTimer][socialsharing] 77.441037ms
2015-01-21 17:22:50.393 HID Product Solutions[62227:1948744] [CDVTimer][splashscreen] 26.993036ms
2015-01-21 17:22:50.393 HID Product Solutions[62227:1948744] [CDVTimer][TotalPluginStartup] 104.758978ms
2015-01-21 17:22:50.423 HID Product Solutions[62227:1948744] Resetting plugins due to page load.
2015-01-21 17:22:50.645 HID Product Solutions[62227:1948744] Finished load of: file:///Users/MMcWilliams/Library/Developer/CoreSimulator/Devices/9002621D-9032-42D1-8DF8-4C99EE568D70/data/Containers/Bundle/Application/F9F901A1-6129-4FC1-A6A8-41449711540E/HID%20Product%20Solutions.app/www/index.html
2015-01-21 17:22:52.885 HID Product Solutions[62227:1948744] Resetting plugins due to page load.
2015-01-21 17:22:53.028 HID Product Solutions[62227:1948744] Finished load of: file:///Users/MMcWilliams/Library/Developer/CoreSimulator/Devices/9002621D-9032-42D1-8DF8-4C99EE568D70/data/Containers/Bundle/Application/F9F901A1-6129-4FC1-A6A8-41449711540E/HID%20Product%20Solutions.app/www/vertical.html#card
2015-01-21 17:22:53.905 HID Product Solutions[62227:1948744] Resetting plugins due to page load.
2015-01-21 17:22:53.997 HID Product Solutions[62227:1948744] Finished load of: file:///Users/MMcWilliams/Library/Developer/CoreSimulator/Devices/9002621D-9032-42D1-8DF8-4C99EE568D70/data/Containers/Bundle/Application/F9F901A1-6129-4FC1-A6A8-41449711540E/HID%20Product%20Solutions.app/www/product.html
2015-01-21 17:22:57.618 HID Product Solutions[62227:1948744] Unknown activity items supplied: (
    "www.x-services.nl"
)
2015-01-21 17:22:57.729 HID Product Solutions[62227:1948744] THREAD WARNING: ['SocialSharing'] took '112.844971' ms. Plugin should use a background thread.
2015-01-21 17:26:09.988 HID Product Solutions[62227:1948744] viewServiceDidTerminateWithError: Error Domain=_UIViewServiceInterfaceErrorDomain Code=3 "The operation couldn’t be completed. (_UIViewServiceInterfaceErrorDomain error 3.)" UserInfo=0x7c088730 {Message=Service Connection Interrupted}
2015-01-21 17:28:29.216 HID Product Solutions[62952:1953673] DiskCookieStorage changing policy from 2 to 0, cookie file: file:///Users/MMcWilliams/Library/Developer/CoreSimulator/Devices/9002621D-9032-42D1-8DF8-4C99EE568D70/data/Containers/Data/Application/5FB67F50-67A3-4818-BF73-8DBA867041DA/Library/Cookies/Cookies.binarycookies
2015-01-21 17:28:29.519 HID Product Solutions[62952:1953673] Apache Cordova native platform version 3.7.0 is starting.
2015-01-21 17:28:29.520 HID Product Solutions[62952:1953673] Multi-tasking -> Device: YES, App: YES
2015-01-21 17:28:29.536 HID Product Solutions[62952:1953673] Unlimited access to network resources
2015-01-21 17:28:29.551 HID Product Solutions[62952:1953673] 

Started backup to iCloud! Please be careful.
Your application might be rejected by Apple if you store too much data.
For more information please read "iOS Data Storage Guidelines" at:
https://developer.apple.com/icloud/documentation/data-storage/
To disable web storage backup to iCloud, set the BackupWebStorage preference to "local" in the Cordova config.xml file

2015-01-21 17:28:30.064 HID Product Solutions[62952:1953673] [CDVTimer][socialsharing] 113.326967ms
2015-01-21 17:28:30.253 HID Product Solutions[62952:1953673] [CDVTimer][splashscreen] 188.836992ms
2015-01-21 17:28:30.254 HID Product Solutions[62952:1953673] [CDVTimer][TotalPluginStartup] 302.516997ms
2015-01-21 17:28:30.337 HID Product Solutions[62952:1953673] Resetting plugins due to page load.
2015-01-21 17:28:30.765 HID Product Solutions[62952:1953673] Finished load of: file:///Users/MMcWilliams/Library/Developer/CoreSimulator/Devices/9002621D-9032-42D1-8DF8-4C99EE568D70/data/Containers/Bundle/Application/B6EF5A43-D8CC-401A-9925-6C562599DFBB/HID%20Product%20Solutions.app/www/index.html
2015-01-21 17:28:31.728 HID Product Solutions[62952:1953673] Resetting plugins due to page load.
2015-01-21 17:28:31.939 HID Product Solutions[62952:1953673] Finished load of: file:///Users/MMcWilliams/Library/Developer/CoreSimulator/Devices/9002621D-9032-42D1-8DF8-4C99EE568D70/data/Containers/Bundle/Application/B6EF5A43-D8CC-401A-9925-6C562599DFBB/HID%20Product%20Solutions.app/www/vertical.html#card
2015-01-21 17:28:32.818 HID Product Solutions[62952:1953673] Resetting plugins due to page load.
2015-01-21 17:28:33.027 HID Product Solutions[62952:1953673] Finished load of: file:///Users/MMcWilliams/Library/Developer/CoreSimulator/Devices/9002621D-9032-42D1-8DF8-4C99EE568D70/data/Containers/Bundle/Application/B6EF5A43-D8CC-401A-9925-6C562599DFBB/HID%20Product%20Solutions.app/www/product.html
2015-01-21 17:28:36.046 HID Product Solutions[62952:1953673] Unknown activity items supplied: (
    "www.x-services.nl"
)
2015-01-21 17:28:36.363 HID Product Solutions[62952:1953673] THREAD WARNING: ['SocialSharing'] took '332.976074' ms. Plugin should use a background thread.
2015-01-21 17:30:18.219 HID Product Solutions[63583:1955499] DiskCookieStorage changing policy from 2 to 0, cookie file: file:///Users/MMcWilliams/Library/Developer/CoreSimulator/Devices/9002621D-9032-42D1-8DF8-4C99EE568D70/data/Containers/Data/Application/40961A18-FA21-4AE7-B7F4-F5B6EA68F4EF/Library/Cookies/Cookies.binarycookies
2015-01-21 17:30:18.305 HID Product Solutions[63583:1955499] Apache Cordova native platform version 3.7.0 is starting.
2015-01-21 17:30:18.305 HID Product Solutions[63583:1955499] Multi-tasking -> Device: YES, App: YES
2015-01-21 17:30:18.307 HID Product Solutions[63583:1955499] Unlimited access to network resources
2015-01-21 17:30:18.309 HID Product Solutions[63583:1955499] 

Started backup to iCloud! Please be careful.
Your application might be rejected by Apple if you store too much data.
For more information please read "iOS Data Storage Guidelines" at:
https://developer.apple.com/icloud/documentation/data-storage/
To disable web storage backup to iCloud, set the BackupWebStorage preference to "local" in the Cordova config.xml file

2015-01-21 17:30:18.561 HID Product Solutions[63583:1955499] [CDVTimer][socialsharing] 77.957988ms
2015-01-21 17:30:18.587 HID Product Solutions[63583:1955499] [CDVTimer][splashscreen] 26.727974ms
2015-01-21 17:30:18.588 HID Product Solutions[63583:1955499] [CDVTimer][TotalPluginStartup] 105.015039ms
2015-01-21 17:30:18.628 HID Product Solutions[63583:1955499] Resetting plugins due to page load.
2015-01-21 17:30:18.864 HID Product Solutions[63583:1955499] Finished load of: file:///Users/MMcWilliams/Library/Developer/CoreSimulator/Devices/9002621D-9032-42D1-8DF8-4C99EE568D70/data/Containers/Bundle/Application/7FD7301C-50F3-4C22-84DC-14DF490BB3DC/HID%20Product%20Solutions.app/www/index.html
2015-01-21 17:30:25.986 HID Product Solutions[63583:1955499] Resetting plugins due to page load.
2015-01-21 17:30:26.165 HID Product Solutions[63583:1955499] Finished load of: file:///Users/MMcWilliams/Library/Developer/CoreSimulator/Devices/9002621D-9032-42D1-8DF8-4C99EE568D70/data/Containers/Bundle/Application/7FD7301C-50F3-4C22-84DC-14DF490BB3DC/HID%20Product%20Solutions.app/www/vertical.html#card
2015-01-21 17:30:27.019 HID Product Solutions[63583:1955499] Resetting plugins due to page load.
2015-01-21 17:30:27.212 HID Product Solutions[63583:1955499] Finished load of: file:///Users/MMcWilliams/Library/Developer/CoreSimulator/Devices/9002621D-9032-42D1-8DF8-4C99EE568D70/data/Containers/Bundle/Application/7FD7301C-50F3-4C22-84DC-14DF490BB3DC/HID%20Product%20Solutions.app/www/product.html
2015-01-21 17:30:35.956 HID Product Solutions[63583:1955499] Unknown activity items supplied: (
    "www.x-services.nl"
)
2015-01-21 17:30:36.059 HID Product Solutions[63583:1955499] THREAD WARNING: ['SocialSharing'] took '104.327881' ms. Plugin should use a background thread.
2015-01-21 17:31:30.918 HID Product Solutions[64218:1957149] DiskCookieStorage changing policy from 2 to 0, cookie file: file:///Users/MMcWilliams/Library/Developer/CoreSimulator/Devices/9002621D-9032-42D1-8DF8-4C99EE568D70/data/Containers/Data/Application/0A8F185B-F9F4-4326-8550-0FB6D2A32108/Library/Cookies/Cookies.binarycookies
2015-01-21 17:31:30.996 HID Product Solutions[64218:1957149] Apache Cordova native platform version 3.7.0 is starting.
2015-01-21 17:31:30.996 HID Product Solutions[64218:1957149] Multi-tasking -> Device: YES, App: YES
2015-01-21 17:31:30.998 HID Product Solutions[64218:1957149] Unlimited access to network resources
2015-01-21 17:31:31.000 HID Product Solutions[64218:1957149] 

Started backup to iCloud! Please be careful.
Your application might be rejected by Apple if you store too much data.
For more information please read "iOS Data Storage Guidelines" at:
https://developer.apple.com/icloud/documentation/data-storage/
To disable web storage backup to iCloud, set the BackupWebStorage preference to "local" in the Cordova config.xml file

2015-01-21 17:31:31.247 HID Product Solutions[64218:1957149] [CDVTimer][socialsharing] 75.653017ms
2015-01-21 17:31:31.271 HID Product Solutions[64218:1957149] [CDVTimer][splashscreen] 23.981988ms
2015-01-21 17:31:31.271 HID Product Solutions[64218:1957149] [CDVTimer][TotalPluginStartup] 99.945009ms
2015-01-21 17:31:31.302 HID Product Solutions[64218:1957149] Resetting plugins due to page load.
2015-01-21 17:31:31.527 HID Product Solutions[64218:1957149] Finished load of: file:///Users/MMcWilliams/Library/Developer/CoreSimulator/Devices/9002621D-9032-42D1-8DF8-4C99EE568D70/data/Containers/Bundle/Application/06BF5460-F5FD-428F-942C-146E4E38634A/HID%20Product%20Solutions.app/www/index.html
2015-01-21 17:31:34.489 HID Product Solutions[64218:1957149] Resetting plugins due to page load.
2015-01-21 17:31:34.633 HID Product Solutions[64218:1957149] Finished load of: file:///Users/MMcWilliams/Library/Developer/CoreSimulator/Devices/9002621D-9032-42D1-8DF8-4C99EE568D70/data/Containers/Bundle/Application/06BF5460-F5FD-428F-942C-146E4E38634A/HID%20Product%20Solutions.app/www/vertical.html#card
2015-01-21 17:31:35.499 HID Product Solutions[64218:1957149] Resetting plugins due to page load.
2015-01-21 17:31:35.643 HID Product Solutions[64218:1957149] Finished load of: file:///Users/MMcWilliams/Library/Developer/CoreSimulator/Devices/9002621D-9032-42D1-8DF8-4C99EE568D70/data/Containers/Bundle/Application/06BF5460-F5FD-428F-942C-146E4E38634A/HID%20Product%20Solutions.app/www/product.html
2015-01-21 17:36:27.938 HID Product Solutions[64929:1960827] DiskCookieStorage changing policy from 2 to 0, cookie file: file:///Users/MMcWilliams/Library/Developer/CoreSimulator/Devices/9002621D-9032-42D1-8DF8-4C99EE568D70/data/Containers/Data/Application/1799E9CE-4CE5-41A6-B594-A44D69A44F09/Library/Cookies/Cookies.binarycookies
2015-01-21 17:36:28.069 HID Product Solutions[64929:1960827] Apache Cordova native platform version 3.7.0 is starting.
2015-01-21 17:36:28.070 HID Product Solutions[64929:1960827] Multi-tasking -> Device: YES, App: YES
2015-01-21 17:36:28.071 HID Product Solutions[64929:1960827] Unlimited access to network resources
2015-01-21 17:36:28.074 HID Product Solutions[64929:1960827] 

Started backup to iCloud! Please be careful.
Your application might be rejected by Apple if you store too much data.
For more information please read "iOS Data Storage Guidelines" at:
https://developer.apple.com/icloud/documentation/data-storage/
To disable web storage backup to iCloud, set the BackupWebStorage preference to "local" in the Cordova config.xml file

2015-01-21 17:36:28.328 HID Product Solutions[64929:1960827] [CDVTimer][socialsharing] 76.128006ms
2015-01-21 17:36:28.356 HID Product Solutions[64929:1960827] [CDVTimer][splashscreen] 27.909994ms
2015-01-21 17:36:28.356 HID Product Solutions[64929:1960827] [CDVTimer][TotalPluginStartup] 104.355991ms
2015-01-21 17:36:28.387 HID Product Solutions[64929:1960827] Resetting plugins due to page load.
2015-01-21 17:36:28.622 HID Product Solutions[64929:1960827] Finished load of: file:///Users/MMcWilliams/Library/Developer/CoreSimulator/Devices/9002621D-9032-42D1-8DF8-4C99EE568D70/data/Containers/Bundle/Application/3A6B9A6A-1C24-40BE-AC4B-14899A931F02/HID%20Product%20Solutions.app/www/index.html
2015-01-21 17:36:30.058 HID Product Solutions[64929:1960827] Resetting plugins due to page load.
2015-01-21 17:36:30.196 HID Product Solutions[64929:1960827] Finished load of: file:///Users/MMcWilliams/Library/Developer/CoreSimulator/Devices/9002621D-9032-42D1-8DF8-4C99EE568D70/data/Containers/Bundle/Application/3A6B9A6A-1C24-40BE-AC4B-14899A931F02/HID%20Product%20Solutions.app/www/vertical.html#card
2015-01-21 17:36:31.149 HID Product Solutions[64929:1960827] Resetting plugins due to page load.
2015-01-21 17:36:31.336 HID Product Solutions[64929:1960827] Finished load of: file:///Users/MMcWilliams/Library/Developer/CoreSimulator/Devices/9002621D-9032-42D1-8DF8-4C99EE568D70/data/Containers/Bundle/Application/3A6B9A6A-1C24-40BE-AC4B-14899A931F02/HID%20Product%20Solutions.app/www/product.html
2015-01-21 17:36:32.810 HID Product Solutions[64929:1960827] THREAD WARNING: ['SocialSharing'] took '97.758789' ms. Plugin should use a background thread.
2015-01-21 17:36:36.280 HID Product Solutions[64929:1960827] THREAD WARNING: ['SocialSharing'] took '14.884033' ms. Plugin should use a background thread.
2015-01-21 17:36:45.165 HID Product Solutions[64929:1960827] THREAD WARNING: ['SocialSharing'] took '14.170654' ms. Plugin should use a background thread.
2015-01-21 17:38:25.564 HID Product Solutions[65569:1963118] DiskCookieStorage changing policy from 2 to 0, cookie file: file:///Users/MMcWilliams/Library/Developer/CoreSimulator/Devices/9002621D-9032-42D1-8DF8-4C99EE568D70/data/Containers/Data/Application/5FAF62A0-7206-4414-82BD-98298555085F/Library/Cookies/Cookies.binarycookies
2015-01-21 17:38:25.642 HID Product Solutions[65569:1963118] Apache Cordova native platform version 3.7.0 is starting.
2015-01-21 17:38:25.642 HID Product Solutions[65569:1963118] Multi-tasking -> Device: YES, App: YES
2015-01-21 17:38:25.644 HID Product Solutions[65569:1963118] Unlimited access to network resources
2015-01-21 17:38:25.646 HID Product Solutions[65569:1963118] 

Started backup to iCloud! Please be careful.
Your application might be rejected by Apple if you store too much data.
For more information please read "iOS Data Storage Guidelines" at:
https://developer.apple.com/icloud/documentation/data-storage/
To disable web storage backup to iCloud, set the BackupWebStorage preference to "local" in the Cordova config.xml file

2015-01-21 17:38:25.892 HID Product Solutions[65569:1963118] [CDVTimer][socialsharing] 75.649023ms
2015-01-21 17:38:25.916 HID Product Solutions[65569:1963118] [CDVTimer][splashscreen] 23.648977ms
2015-01-21 17:38:25.916 HID Product Solutions[65569:1963118] [CDVTimer][TotalPluginStartup] 99.608004ms
2015-01-21 17:38:25.946 HID Product Solutions[65569:1963118] Resetting plugins due to page load.
2015-01-21 17:38:26.159 HID Product Solutions[65569:1963118] Finished load of: file:///Users/MMcWilliams/Library/Developer/CoreSimulator/Devices/9002621D-9032-42D1-8DF8-4C99EE568D70/data/Containers/Bundle/Application/2754E818-B866-45E0-9CFF-7489B74D6DB5/HID%20Product%20Solutions.app/www/index.html
2015-01-21 17:38:29.669 HID Product Solutions[65569:1963118] Resetting plugins due to page load.
2015-01-21 17:38:29.819 HID Product Solutions[65569:1963118] Finished load of: file:///Users/MMcWilliams/Library/Developer/CoreSimulator/Devices/9002621D-9032-42D1-8DF8-4C99EE568D70/data/Containers/Bundle/Application/2754E818-B866-45E0-9CFF-7489B74D6DB5/HID%20Product%20Solutions.app/www/vertical.html#card
2015-01-21 17:38:30.647 HID Product Solutions[65569:1963118] Resetting plugins due to page load.
2015-01-21 17:38:30.825 HID Product Solutions[65569:1963118] Finished load of: file:///Users/MMcWilliams/Library/Developer/CoreSimulator/Devices/9002621D-9032-42D1-8DF8-4C99EE568D70/data/Containers/Bundle/Application/2754E818-B866-45E0-9CFF-7489B74D6DB5/HID%20Product%20Solutions.app/www/product.html
2015-01-21 17:39:29.537 HID Product Solutions[66190:1964645] DiskCookieStorage changing policy from 2 to 0, cookie file: file:///Users/MMcWilliams/Library/Developer/CoreSimulator/Devices/9002621D-9032-42D1-8DF8-4C99EE568D70/data/Containers/Data/Application/F64624C7-64F5-472B-93EF-38D1D21C6A43/Library/Cookies/Cookies.binarycookies
2015-01-21 17:39:29.616 HID Product Solutions[66190:1964645] Apache Cordova native platform version 3.7.0 is starting.
2015-01-21 17:39:29.617 HID Product Solutions[66190:1964645] Multi-tasking -> Device: YES, App: YES
2015-01-21 17:39:29.618 HID Product Solutions[66190:1964645] Unlimited access to network resources
2015-01-21 17:39:29.620 HID Product Solutions[66190:1964645] 

Started backup to iCloud! Please be careful.
Your application might be rejected by Apple if you store too much data.
For more information please read "iOS Data Storage Guidelines" at:
https://developer.apple.com/icloud/documentation/data-storage/
To disable web storage backup to iCloud, set the BackupWebStorage preference to "local" in the Cordova config.xml file

2015-01-21 17:39:29.868 HID Product Solutions[66190:1964645] [CDVTimer][socialsharing] 79.209983ms
2015-01-21 17:39:29.891 HID Product Solutions[66190:1964645] [CDVTimer][splashscreen] 23.653984ms
2015-01-21 17:39:29.891 HID Product Solutions[66190:1964645] [CDVTimer][TotalPluginStartup] 103.195012ms
2015-01-21 17:39:29.922 HID Product Solutions[66190:1964645] Resetting plugins due to page load.
2015-01-21 17:39:30.131 HID Product Solutions[66190:1964645] Finished load of: file:///Users/MMcWilliams/Library/Developer/CoreSimulator/Devices/9002621D-9032-42D1-8DF8-4C99EE568D70/data/Containers/Bundle/Application/D49B21C9-4A1B-4223-9BAE-2A3B4291BEE9/HID%20Product%20Solutions.app/www/index.html
2015-01-21 17:39:31.242 HID Product Solutions[66190:1964645] Resetting plugins due to page load.
2015-01-21 17:39:31.390 HID Product Solutions[66190:1964645] Finished load of: file:///Users/MMcWilliams/Library/Developer/CoreSimulator/Devices/9002621D-9032-42D1-8DF8-4C99EE568D70/data/Containers/Bundle/Application/D49B21C9-4A1B-4223-9BAE-2A3B4291BEE9/HID%20Product%20Solutions.app/www/vertical.html#card
2015-01-21 17:39:32.198 HID Product Solutions[66190:1964645] Resetting plugins due to page load.
2015-01-21 17:39:32.339 HID Product Solutions[66190:1964645] Finished load of: file:///Users/MMcWilliams/Library/Developer/CoreSimulator/Devices/9002621D-9032-42D1-8DF8-4C99EE568D70/data/Containers/Bundle/Application/D49B21C9-4A1B-4223-9BAE-2A3B4291BEE9/HID%20Product%20Solutions.app/www/product.html
2015-01-21 17:39:56.628 HID Product Solutions[66518:1965503] DiskCookieStorage changing policy from 2 to 0, cookie file: file:///Users/MMcWilliams/Library/Developer/CoreSimulator/Devices/9002621D-9032-42D1-8DF8-4C99EE568D70/data/Containers/Data/Application/2E8B7FDD-F7B9-4BED-9685-48882919E5EC/Library/Cookies/Cookies.binarycookies
2015-01-21 17:39:56.714 HID Product Solutions[66518:1965503] Apache Cordova native platform version 3.7.0 is starting.
2015-01-21 17:39:56.715 HID Product Solutions[66518:1965503] Multi-tasking -> Device: YES, App: YES
2015-01-21 17:39:56.716 HID Product Solutions[66518:1965503] Unlimited access to network resources
2015-01-21 17:39:56.718 HID Product Solutions[66518:1965503] 

Started backup to iCloud! Please be careful.
Your application might be rejected by Apple if you store too much data.
For more information please read "iOS Data Storage Guidelines" at:
https://developer.apple.com/icloud/documentation/data-storage/
To disable web storage backup to iCloud, set the BackupWebStorage preference to "local" in the Cordova config.xml file

2015-01-21 17:39:56.969 HID Product Solutions[66518:1965503] [CDVTimer][socialsharing] 76.765001ms
2015-01-21 17:39:56.996 HID Product Solutions[66518:1965503] [CDVTimer][splashscreen] 26.334047ms
2015-01-21 17:39:56.996 HID Product Solutions[66518:1965503] [CDVTimer][TotalPluginStartup] 103.422999ms
2015-01-21 17:39:57.026 HID Product Solutions[66518:1965503] Resetting plugins due to page load.
2015-01-21 17:39:57.257 HID Product Solutions[66518:1965503] Finished load of: file:///Users/MMcWilliams/Library/Developer/CoreSimulator/Devices/9002621D-9032-42D1-8DF8-4C99EE568D70/data/Containers/Bundle/Application/1705337A-DCE0-484C-8BBD-6EFD9587231D/HID%20Product%20Solutions.app/www/index.html
2015-01-21 17:40:25.649 HID Product Solutions[66518:1965503] Resetting plugins due to page load.
2015-01-21 17:40:25.814 HID Product Solutions[66518:1965503] Finished load of: file:///Users/MMcWilliams/Library/Developer/CoreSimulator/Devices/9002621D-9032-42D1-8DF8-4C99EE568D70/data/Containers/Bundle/Application/1705337A-DCE0-484C-8BBD-6EFD9587231D/HID%20Product%20Solutions.app/www/vertical.html#card
2015-01-21 17:40:26.711 HID Product Solutions[66518:1965503] Resetting plugins due to page load.
2015-01-21 17:40:26.892 HID Product Solutions[66518:1965503] Finished load of: file:///Users/MMcWilliams/Library/Developer/CoreSimulator/Devices/9002621D-9032-42D1-8DF8-4C99EE568D70/data/Containers/Bundle/Application/1705337A-DCE0-484C-8BBD-6EFD9587231D/HID%20Product%20Solutions.app/www/product.html
2015-01-21 17:40:28.304 HID Product Solutions[66518:1965503] THREAD WARNING: ['SocialSharing'] took '73.874756' ms. Plugin should use a background thread.
2015-01-21 17:40:32.546 HID Product Solutions[66518:1965503] Unknown activity items supplied: (
    "www.x-services.nl"
)
2015-01-21 17:40:32.682 HID Product Solutions[66518:1965503] THREAD WARNING: ['SocialSharing'] took '137.463867' ms. Plugin should use a background thread.
2015-01-21 17:41:34.539 HID Product Solutions[67156:1967543] DiskCookieStorage changing policy from 2 to 0, cookie file: file:///Users/MMcWilliams/Library/Developer/CoreSimulator/Devices/9002621D-9032-42D1-8DF8-4C99EE568D70/data/Containers/Data/Application/D18BD7E4-40DA-4AF2-94FC-49237D0969BA/Library/Cookies/Cookies.binarycookies
2015-01-21 17:41:34.619 HID Product Solutions[67156:1967543] Apache Cordova native platform version 3.7.0 is starting.
2015-01-21 17:41:34.619 HID Product Solutions[67156:1967543] Multi-tasking -> Device: YES, App: YES
2015-01-21 17:41:34.620 HID Product Solutions[67156:1967543] Unlimited access to network resources
2015-01-21 17:41:34.623 HID Product Solutions[67156:1967543] 

Started backup to iCloud! Please be careful.
Your application might be rejected by Apple if you store too much data.
For more information please read "iOS Data Storage Guidelines" at:
https://developer.apple.com/icloud/documentation/data-storage/
To disable web storage backup to iCloud, set the BackupWebStorage preference to "local" in the Cordova config.xml file

2015-01-21 17:41:34.867 HID Product Solutions[67156:1967543] [CDVTimer][socialsharing] 76.023996ms
2015-01-21 17:41:34.890 HID Product Solutions[67156:1967543] [CDVTimer][splashscreen] 22.795022ms
2015-01-21 17:41:34.890 HID Product Solutions[67156:1967543] [CDVTimer][TotalPluginStartup] 99.132001ms
2015-01-21 17:41:34.920 HID Product Solutions[67156:1967543] Resetting plugins due to page load.
2015-01-21 17:41:35.121 HID Product Solutions[67156:1967543] Finished load of: file:///Users/MMcWilliams/Library/Developer/CoreSimulator/Devices/9002621D-9032-42D1-8DF8-4C99EE568D70/data/Containers/Bundle/Application/05072BDE-2B14-464E-BB0E-AF604DB20C9A/HID%20Product%20Solutions.app/www/index.html
2015-01-21 17:41:39.280 HID Product Solutions[67156:1967543] Resetting plugins due to page load.
2015-01-21 17:41:39.409 HID Product Solutions[67156:1967543] Finished load of: file:///Users/MMcWilliams/Library/Developer/CoreSimulator/Devices/9002621D-9032-42D1-8DF8-4C99EE568D70/data/Containers/Bundle/Application/05072BDE-2B14-464E-BB0E-AF604DB20C9A/HID%20Product%20Solutions.app/www/vertical.html#card
2015-01-21 17:41:40.271 HID Product Solutions[67156:1967543] Resetting plugins due to page load.
2015-01-21 17:41:40.418 HID Product Solutions[67156:1967543] Finished load of: file:///Users/MMcWilliams/Library/Developer/CoreSimulator/Devices/9002621D-9032-42D1-8DF8-4C99EE568D70/data/Containers/Bundle/Application/05072BDE-2B14-464E-BB0E-AF604DB20C9A/HID%20Product%20Solutions.app/www/product.html
2015-01-21 17:41:43.073 HID Product Solutions[67156:1967543] Unknown activity items supplied: (
    "www.x-services.nl"
)
2015-01-21 17:41:43.163 HID Product Solutions[67156:1967543] THREAD WARNING: ['SocialSharing'] took '90.986084' ms. Plugin should use a background thread.
2015-01-21 17:41:46.051 HID Product Solutions[67156:1967543] Unknown activity items supplied: (
    "www.x-services.nl"
)
2015-01-21 17:41:46.093 HID Product Solutions[67156:1967543] THREAD WARNING: ['SocialSharing'] took '43.271973' ms. Plugin should use a background thread.
2015-01-21 17:41:50.408 HID Product Solutions[67156:1967543] Unknown activity items supplied: (
    "www.x-services.nl"
)
2015-01-21 17:41:50.448 HID Product Solutions[67156:1967543] THREAD WARNING: ['SocialSharing'] took '39.940186' ms. Plugin should use a background thread.
2015-01-21 17:41:54.421 HID Product Solutions[67156:1967543] Unknown activity items supplied: (
    "www.x-services.nl"
)
2015-01-21 17:41:54.459 HID Product Solutions[67156:1967543] THREAD WARNING: ['SocialSharing'] took '38.130127' ms. Plugin should use a background thread.
2015-01-21 17:42:30.930 HID Product Solutions[67777:1969262] DiskCookieStorage changing policy from 2 to 0, cookie file: file:///Users/MMcWilliams/Library/Developer/CoreSimulator/Devices/9002621D-9032-42D1-8DF8-4C99EE568D70/data/Containers/Data/Application/4C6C00DB-6A30-45C2-9CF2-0FCBA8FA25A7/Library/Cookies/Cookies.binarycookies
2015-01-21 17:42:31.009 HID Product Solutions[67777:1969262] Apache Cordova native platform version 3.7.0 is starting.
2015-01-21 17:42:31.009 HID Product Solutions[67777:1969262] Multi-tasking -> Device: YES, App: YES
2015-01-21 17:42:31.010 HID Product Solutions[67777:1969262] Unlimited access to network resources
2015-01-21 17:42:31.013 HID Product Solutions[67777:1969262] 

Started backup to iCloud! Please be careful.
Your application might be rejected by Apple if you store too much data.
For more information please read "iOS Data Storage Guidelines" at:
https://developer.apple.com/icloud/documentation/data-storage/
To disable web storage backup to iCloud, set the BackupWebStorage preference to "local" in the Cordova config.xml file

2015-01-21 17:42:31.262 HID Product Solutions[67777:1969262] [CDVTimer][socialsharing] 76.913953ms
2015-01-21 17:42:31.286 HID Product Solutions[67777:1969262] [CDVTimer][splashscreen] 23.539007ms
2015-01-21 17:42:31.286 HID Product Solutions[67777:1969262] [CDVTimer][TotalPluginStartup] 100.771010ms
2015-01-21 17:42:31.316 HID Product Solutions[67777:1969262] Resetting plugins due to page load.
2015-01-21 17:42:31.519 HID Product Solutions[67777:1969262] Finished load of: file:///Users/MMcWilliams/Library/Developer/CoreSimulator/Devices/9002621D-9032-42D1-8DF8-4C99EE568D70/data/Containers/Bundle/Application/E20D084E-5D15-473E-B433-CAA5C78CDA1A/HID%20Product%20Solutions.app/www/index.html
2015-01-21 17:42:34.464 HID Product Solutions[67777:1969262] Resetting plugins due to page load.
2015-01-21 17:42:34.607 HID Product Solutions[67777:1969262] Finished load of: file:///Users/MMcWilliams/Library/Developer/CoreSimulator/Devices/9002621D-9032-42D1-8DF8-4C99EE568D70/data/Containers/Bundle/Application/E20D084E-5D15-473E-B433-CAA5C78CDA1A/HID%20Product%20Solutions.app/www/vertical.html#card
2015-01-21 17:42:35.501 HID Product Solutions[67777:1969262] Resetting plugins due to page load.
2015-01-21 17:42:35.643 HID Product Solutions[67777:1969262] Finished load of: file:///Users/MMcWilliams/Library/Developer/CoreSimulator/Devices/9002621D-9032-42D1-8DF8-4C99EE568D70/data/Containers/Bundle/Application/E20D084E-5D15-473E-B433-CAA5C78CDA1A/HID%20Product%20Solutions.app/www/product.html
2015-01-21 17:42:36.904 HID Product Solutions[67777:1969262] Unknown activity items supplied: (
    "www.x-services.nl"
)
2015-01-21 17:42:37.000 HID Product Solutions[67777:1969262] THREAD WARNING: ['SocialSharing'] took '97.833984' ms. Plugin should use a background thread.
2015-01-21 17:43:04.883 HID Product Solutions[67777:1969262] Unknown activity items supplied: (
    "www.x-services.nl"
)
2015-01-21 17:43:04.922 HID Product Solutions[67777:1969262] THREAD WARNING: ['SocialSharing'] took '40.683105' ms. Plugin should use a background thread.
2015-01-21 17:43:09.891 HID Product Solutions[67777:1969262] Unknown activity items supplied: (
    "www.x-services.nl"
)
2015-01-21 17:43:09.932 HID Product Solutions[67777:1969262] THREAD WARNING: ['SocialSharing'] took '41.558838' ms. Plugin should use a background thread.
2015-01-21 17:45:53.455 HID Product Solutions[68478:1972629] DiskCookieStorage changing policy from 2 to 0, cookie file: file:///Users/MMcWilliams/Library/Developer/CoreSimulator/Devices/9002621D-9032-42D1-8DF8-4C99EE568D70/data/Containers/Data/Application/1812F923-1287-4B45-A088-3F10363B06AB/Library/Cookies/Cookies.binarycookies
2015-01-21 17:45:53.544 HID Product Solutions[68478:1972629] Apache Cordova native platform version 3.7.0 is starting.
2015-01-21 17:45:53.544 HID Product Solutions[68478:1972629] Multi-tasking -> Device: YES, App: YES
2015-01-21 17:45:53.545 HID Product Solutions[68478:1972629] Unlimited access to network resources
2015-01-21 17:45:53.548 HID Product Solutions[68478:1972629] 

Started backup to iCloud! Please be careful.
Your application might be rejected by Apple if you store too much data.
For more information please read "iOS Data Storage Guidelines" at:
https://developer.apple.com/icloud/documentation/data-storage/
To disable web storage backup to iCloud, set the BackupWebStorage preference to "local" in the Cordova config.xml file

2015-01-21 17:45:53.797 HID Product Solutions[68478:1972629] [CDVTimer][socialsharing] 76.409042ms
2015-01-21 17:45:53.823 HID Product Solutions[68478:1972629] [CDVTimer][splashscreen] 26.347041ms
2015-01-21 17:45:53.823 HID Product Solutions[68478:1972629] [CDVTimer][TotalPluginStartup] 103.076994ms
2015-01-21 17:45:53.854 HID Product Solutions[68478:1972629] Resetting plugins due to page load.
2015-01-21 17:45:54.074 HID Product Solutions[68478:1972629] Finished load of: file:///Users/MMcWilliams/Library/Developer/CoreSimulator/Devices/9002621D-9032-42D1-8DF8-4C99EE568D70/data/Containers/Bundle/Application/D2D02CB8-8307-4C58-B9DB-465D4433DD64/HID%20Product%20Solutions.app/www/index.html
2015-01-21 17:45:57.032 HID Product Solutions[68478:1972629] Resetting plugins due to page load.
2015-01-21 17:45:57.181 HID Product Solutions[68478:1972629] Finished load of: file:///Users/MMcWilliams/Library/Developer/CoreSimulator/Devices/9002621D-9032-42D1-8DF8-4C99EE568D70/data/Containers/Bundle/Application/D2D02CB8-8307-4C58-B9DB-465D4433DD64/HID%20Product%20Solutions.app/www/vertical.html#card
2015-01-21 17:45:58.517 HID Product Solutions[68478:1972629] Resetting plugins due to page load.
2015-01-21 17:45:58.708 HID Product Solutions[68478:1972629] Finished load of: file:///Users/MMcWilliams/Library/Developer/CoreSimulator/Devices/9002621D-9032-42D1-8DF8-4C99EE568D70/data/Containers/Bundle/Application/D2D02CB8-8307-4C58-B9DB-465D4433DD64/HID%20Product%20Solutions.app/www/product.html
2015-01-21 17:46:01.176 HID Product Solutions[68478:1972629] Unknown activity items supplied: (
    "www.x-services.nl"
)
2015-01-21 17:46:01.282 HID Product Solutions[68478:1972629] THREAD WARNING: ['SocialSharing'] took '107.981934' ms. Plugin should use a background thread.
2015-01-21 17:47:06.660 HID Product Solutions[69410:1974841] DiskCookieStorage changing policy from 2 to 0, cookie file: file:///Users/MMcWilliams/Library/Developer/CoreSimulator/Devices/9002621D-9032-42D1-8DF8-4C99EE568D70/data/Containers/Data/Application/28A667EE-B3EF-4C8A-9D57-CDF9F65A5923/Library/Cookies/Cookies.binarycookies
2015-01-21 17:47:06.741 HID Product Solutions[69410:1974841] Apache Cordova native platform version 3.7.0 is starting.
2015-01-21 17:47:06.741 HID Product Solutions[69410:1974841] Multi-tasking -> Device: YES, App: YES
2015-01-21 17:47:06.743 HID Product Solutions[69410:1974841] Unlimited access to network resources
2015-01-21 17:47:06.745 HID Product Solutions[69410:1974841] 

Started backup to iCloud! Please be careful.
Your application might be rejected by Apple if you store too much data.
For more information please read "iOS Data Storage Guidelines" at:
https://developer.apple.com/icloud/documentation/data-storage/
To disable web storage backup to iCloud, set the BackupWebStorage preference to "local" in the Cordova config.xml file

2015-01-21 17:47:07.000 HID Product Solutions[69410:1974841] [CDVTimer][socialsharing] 76.291978ms
2015-01-21 17:47:07.042 HID Product Solutions[69410:1974841] [CDVTimer][splashscreen] 42.460978ms
2015-01-21 17:47:07.042 HID Product Solutions[69410:1974841] [CDVTimer][TotalPluginStartup] 119.069993ms
2015-01-21 17:47:07.072 HID Product Solutions[69410:1974841] Resetting plugins due to page load.
2015-01-21 17:47:07.290 HID Product Solutions[69410:1974841] Finished load of: file:///Users/MMcWilliams/Library/Developer/CoreSimulator/Devices/9002621D-9032-42D1-8DF8-4C99EE568D70/data/Containers/Bundle/Application/1124EC02-5FA4-4E9A-9CA2-4A2CF4574421/HID%20Product%20Solutions.app/www/index.html
2015-01-21 17:47:10.153 HID Product Solutions[69410:1974841] Resetting plugins due to page load.
2015-01-21 17:47:10.297 HID Product Solutions[69410:1974841] Finished load of: file:///Users/MMcWilliams/Library/Developer/CoreSimulator/Devices/9002621D-9032-42D1-8DF8-4C99EE568D70/data/Containers/Bundle/Application/1124EC02-5FA4-4E9A-9CA2-4A2CF4574421/HID%20Product%20Solutions.app/www/vertical.html#card
2015-01-21 17:47:11.085 HID Product Solutions[69410:1974841] Resetting plugins due to page load.
2015-01-21 17:47:11.232 HID Product Solutions[69410:1974841] Finished load of: file:///Users/MMcWilliams/Library/Developer/CoreSimulator/Devices/9002621D-9032-42D1-8DF8-4C99EE568D70/data/Containers/Bundle/Application/1124EC02-5FA4-4E9A-9CA2-4A2CF4574421/HID%20Product%20Solutions.app/www/product.html
2015-01-21 17:47:13.812 HID Product Solutions[69410:1974841] Unknown activity items supplied: (
    "www.x-services.nl"
)
2015-01-21 17:47:13.908 HID Product Solutions[69410:1974841] THREAD WARNING: ['SocialSharing'] took '97.744873' ms. Plugin should use a background thread.
2015-01-21 17:47:15.765 HID Product Solutions[69410:1974841] Unknown activity items supplied: (
    "www.x-services.nl"
)
2015-01-21 17:47:15.803 HID Product Solutions[69410:1974841] THREAD WARNING: ['SocialSharing'] took '38.871094' ms. Plugin should use a background thread.
2015-01-21 17:47:19.188 HID Product Solutions[69410:1974841] Unknown activity items supplied: (
    "www.x-services.nl"
)
2015-01-21 17:47:19.227 HID Product Solutions[69410:1974841] THREAD WARNING: ['SocialSharing'] took '39.257812' ms. Plugin should use a background thread.
2015-01-21 17:48:56.469 HID Product Solutions[70059:1976633] DiskCookieStorage changing policy from 2 to 0, cookie file: file:///Users/MMcWilliams/Library/Developer/CoreSimulator/Devices/9002621D-9032-42D1-8DF8-4C99EE568D70/data/Containers/Data/Application/174BFFD0-B059-4131-B42D-7F407BAD33B9/Library/Cookies/Cookies.binarycookies
2015-01-21 17:48:56.549 HID Product Solutions[70059:1976633] Apache Cordova native platform version 3.7.0 is starting.
2015-01-21 17:48:56.549 HID Product Solutions[70059:1976633] Multi-tasking -> Device: YES, App: YES
2015-01-21 17:48:56.551 HID Product Solutions[70059:1976633] Unlimited access to network resources
2015-01-21 17:48:56.553 HID Product Solutions[70059:1976633] 

Started backup to iCloud! Please be careful.
Your application might be rejected by Apple if you store too much data.
For more information please read "iOS Data Storage Guidelines" at:
https://developer.apple.com/icloud/documentation/data-storage/
To disable web storage backup to iCloud, set the BackupWebStorage preference to "local" in the Cordova config.xml file

2015-01-21 17:48:56.801 HID Product Solutions[70059:1976633] [CDVTimer][socialsharing] 76.815009ms
2015-01-21 17:48:56.824 HID Product Solutions[70059:1976633] [CDVTimer][splashscreen] 22.810042ms
2015-01-21 17:48:56.824 HID Product Solutions[70059:1976633] [CDVTimer][TotalPluginStartup] 99.941015ms
2015-01-21 17:48:56.855 HID Product Solutions[70059:1976633] Resetting plugins due to page load.
2015-01-21 17:48:57.058 HID Product Solutions[70059:1976633] Finished load of: file:///Users/MMcWilliams/Library/Developer/CoreSimulator/Devices/9002621D-9032-42D1-8DF8-4C99EE568D70/data/Containers/Bundle/Application/090D5523-8447-4DCA-8E05-4D5EE61D8848/HID%20Product%20Solutions.app/www/index.html
2015-01-21 17:49:00.114 HID Product Solutions[70059:1976633] Resetting plugins due to page load.
2015-01-21 17:49:00.277 HID Product Solutions[70059:1976633] Finished load of: file:///Users/MMcWilliams/Library/Developer/CoreSimulator/Devices/9002621D-9032-42D1-8DF8-4C99EE568D70/data/Containers/Bundle/Application/090D5523-8447-4DCA-8E05-4D5EE61D8848/HID%20Product%20Solutions.app/www/vertical.html#card
2015-01-21 17:49:01.129 HID Product Solutions[70059:1976633] Resetting plugins due to page load.
2015-01-21 17:49:01.338 HID Product Solutions[70059:1976633] Finished load of: file:///Users/MMcWilliams/Library/Developer/CoreSimulator/Devices/9002621D-9032-42D1-8DF8-4C99EE568D70/data/Containers/Bundle/Application/090D5523-8447-4DCA-8E05-4D5EE61D8848/HID%20Product%20Solutions.app/www/product.html
2015-01-21 17:51:17.868 HID Product Solutions[70719:1978779] DiskCookieStorage changing policy from 2 to 0, cookie file: file:///Users/MMcWilliams/Library/Developer/CoreSimulator/Devices/9002621D-9032-42D1-8DF8-4C99EE568D70/data/Containers/Data/Application/FB69E17C-F930-46D6-9FD3-571F25593252/Library/Cookies/Cookies.binarycookies
2015-01-21 17:51:17.948 HID Product Solutions[70719:1978779] Apache Cordova native platform version 3.7.0 is starting.
2015-01-21 17:51:17.949 HID Product Solutions[70719:1978779] Multi-tasking -> Device: YES, App: YES
2015-01-21 17:51:17.950 HID Product Solutions[70719:1978779] Unlimited access to network resources
2015-01-21 17:51:17.952 HID Product Solutions[70719:1978779] 

Started backup to iCloud! Please be careful.
Your application might be rejected by Apple if you store too much data.
For more information please read "iOS Data Storage Guidelines" at:
https://developer.apple.com/icloud/documentation/data-storage/
To disable web storage backup to iCloud, set the BackupWebStorage preference to "local" in the Cordova config.xml file

2015-01-21 17:51:18.198 HID Product Solutions[70719:1978779] [CDVTimer][socialsharing] 76.919019ms
2015-01-21 17:51:18.221 HID Product Solutions[70719:1978779] [CDVTimer][splashscreen] 22.707999ms
2015-01-21 17:51:18.221 HID Product Solutions[70719:1978779] [CDVTimer][TotalPluginStartup] 99.934995ms
2015-01-21 17:51:18.252 HID Product Solutions[70719:1978779] Resetting plugins due to page load.
2015-01-21 17:51:18.477 HID Product Solutions[70719:1978779] Finished load of: file:///Users/MMcWilliams/Library/Developer/CoreSimulator/Devices/9002621D-9032-42D1-8DF8-4C99EE568D70/data/Containers/Bundle/Application/91D06D27-6930-464D-A24E-637A7A386A30/HID%20Product%20Solutions.app/www/index.html
2015-01-21 17:51:21.537 HID Product Solutions[70719:1978779] Resetting plugins due to page load.
2015-01-21 17:51:21.681 HID Product Solutions[70719:1978779] Finished load of: file:///Users/MMcWilliams/Library/Developer/CoreSimulator/Devices/9002621D-9032-42D1-8DF8-4C99EE568D70/data/Containers/Bundle/Application/91D06D27-6930-464D-A24E-637A7A386A30/HID%20Product%20Solutions.app/www/vertical.html#card
2015-01-21 17:51:22.759 HID Product Solutions[70719:1978779] Resetting plugins due to page load.
2015-01-21 17:51:22.904 HID Product Solutions[70719:1978779] Finished load of: file:///Users/MMcWilliams/Library/Developer/CoreSimulator/Devices/9002621D-9032-42D1-8DF8-4C99EE568D70/data/Containers/Bundle/Application/91D06D27-6930-464D-A24E-637A7A386A30/HID%20Product%20Solutions.app/www/product.html
2015-01-21 17:51:24.256 HID Product Solutions[70719:1978779] Unknown activity items supplied: (
    "www.x-services.nl"
)
2015-01-21 17:51:24.360 HID Product Solutions[70719:1978779] THREAD WARNING: ['SocialSharing'] took '104.722168' ms. Plugin should use a background thread.
2015-01-21 17:52:51.469 HID Product Solutions[71359:1980629] DiskCookieStorage changing policy from 2 to 0, cookie file: file:///Users/MMcWilliams/Library/Developer/CoreSimulator/Devices/9002621D-9032-42D1-8DF8-4C99EE568D70/data/Containers/Data/Application/783B6C28-BC12-473A-9D12-6EC1FAF213C6/Library/Cookies/Cookies.binarycookies
2015-01-21 17:52:51.629 HID Product Solutions[71359:1980629] Apache Cordova native platform version 3.7.0 is starting.
2015-01-21 17:52:51.629 HID Product Solutions[71359:1980629] Multi-tasking -> Device: YES, App: YES
2015-01-21 17:52:51.631 HID Product Solutions[71359:1980629] Unlimited access to network resources
2015-01-21 17:52:51.633 HID Product Solutions[71359:1980629] 

Started backup to iCloud! Please be careful.
Your application might be rejected by Apple if you store too much data.
For more information please read "iOS Data Storage Guidelines" at:
https://developer.apple.com/icloud/documentation/data-storage/
To disable web storage backup to iCloud, set the BackupWebStorage preference to "local" in the Cordova config.xml file

2015-01-21 17:52:51.906 HID Product Solutions[71359:1980629] [CDVTimer][socialsharing] 80.501974ms
2015-01-21 17:52:51.970 HID Product Solutions[71359:1980629] [CDVTimer][splashscreen] 63.663006ms
2015-01-21 17:52:51.970 HID Product Solutions[71359:1980629] [CDVTimer][TotalPluginStartup] 144.466043ms
2015-01-21 17:52:52.001 HID Product Solutions[71359:1980629] Resetting plugins due to page load.
2015-01-21 17:52:52.249 HID Product Solutions[71359:1980629] Finished load of: file:///Users/MMcWilliams/Library/Developer/CoreSimulator/Devices/9002621D-9032-42D1-8DF8-4C99EE568D70/data/Containers/Bundle/Application/D1B41F74-50C6-454A-9D68-C59C84911EB9/HID%20Product%20Solutions.app/www/index.html
2015-01-21 17:52:53.446 HID Product Solutions[71359:1980629] Resetting plugins due to page load.
2015-01-21 17:52:53.582 HID Product Solutions[71359:1980629] Finished load of: file:///Users/MMcWilliams/Library/Developer/CoreSimulator/Devices/9002621D-9032-42D1-8DF8-4C99EE568D70/data/Containers/Bundle/Application/D1B41F74-50C6-454A-9D68-C59C84911EB9/HID%20Product%20Solutions.app/www/vertical.html#card
2015-01-21 17:52:54.552 HID Product Solutions[71359:1980629] Resetting plugins due to page load.
2015-01-21 17:52:54.688 HID Product Solutions[71359:1980629] Finished load of: file:///Users/MMcWilliams/Library/Developer/CoreSimulator/Devices/9002621D-9032-42D1-8DF8-4C99EE568D70/data/Containers/Bundle/Application/D1B41F74-50C6-454A-9D68-C59C84911EB9/HID%20Product%20Solutions.app/www/product.html
2015-01-21 17:54:00.550 HID Product Solutions[71983:1982364] DiskCookieStorage changing policy from 2 to 0, cookie file: file:///Users/MMcWilliams/Library/Developer/CoreSimulator/Devices/9002621D-9032-42D1-8DF8-4C99EE568D70/data/Containers/Data/Application/6EB1EFBE-8E09-405D-957A-CEB43CCE60D3/Library/Cookies/Cookies.binarycookies
2015-01-21 17:54:00.631 HID Product Solutions[71983:1982364] Apache Cordova native platform version 3.7.0 is starting.
2015-01-21 17:54:00.631 HID Product Solutions[71983:1982364] Multi-tasking -> Device: YES, App: YES
2015-01-21 17:54:00.633 HID Product Solutions[71983:1982364] Unlimited access to network resources
2015-01-21 17:54:00.635 HID Product Solutions[71983:1982364] 

Started backup to iCloud! Please be careful.
Your application might be rejected by Apple if you store too much data.
For more information please read "iOS Data Storage Guidelines" at:
https://developer.apple.com/icloud/documentation/data-storage/
To disable web storage backup to iCloud, set the BackupWebStorage preference to "local" in the Cordova config.xml file

2015-01-21 17:54:00.880 HID Product Solutions[71983:1982364] [CDVTimer][socialsharing] 77.169001ms
2015-01-21 17:54:00.905 HID Product Solutions[71983:1982364] [CDVTimer][splashscreen] 24.637997ms
2015-01-21 17:54:00.905 HID Product Solutions[71983:1982364] [CDVTimer][TotalPluginStartup] 102.147996ms
2015-01-21 17:54:00.938 HID Product Solutions[71983:1982364] Resetting plugins due to page load.
2015-01-21 17:54:01.233 HID Product Solutions[71983:1982364] Finished load of: file:///Users/MMcWilliams/Library/Developer/CoreSimulator/Devices/9002621D-9032-42D1-8DF8-4C99EE568D70/data/Containers/Bundle/Application/DC1C1627-E9E7-4549-BF93-02322A1BD063/HID%20Product%20Solutions.app/www/index.html
2015-01-21 17:54:03.613 HID Product Solutions[71983:1982364] Resetting plugins due to page load.
2015-01-21 17:54:03.768 HID Product Solutions[71983:1982364] Finished load of: file:///Users/MMcWilliams/Library/Developer/CoreSimulator/Devices/9002621D-9032-42D1-8DF8-4C99EE568D70/data/Containers/Bundle/Application/DC1C1627-E9E7-4549-BF93-02322A1BD063/HID%20Product%20Solutions.app/www/vertical.html#card
2015-01-21 17:54:04.528 HID Product Solutions[71983:1982364] Resetting plugins due to page load.
2015-01-21 17:54:04.689 HID Product Solutions[71983:1982364] Finished load of: file:///Users/MMcWilliams/Library/Developer/CoreSimulator/Devices/9002621D-9032-42D1-8DF8-4C99EE568D70/data/Containers/Bundle/Application/DC1C1627-E9E7-4549-BF93-02322A1BD063/HID%20Product%20Solutions.app/www/product.html
2015-01-21 17:54:06.167 HID Product Solutions[71983:1982364] Unknown activity items supplied: (
    "www.x-services.nl"
)
2015-01-21 17:54:06.290 HID Product Solutions[71983:1982364] THREAD WARNING: ['SocialSharing'] took '124.032227' ms. Plugin should use a background thread.
